14-Dec-2020 21:10:51.581 信息 [main] org.apache.catalina.startup.VersionLoggerListener.log Server.服务器版本: Apache Tomcat/8.5.58
14-Dec-2020 21:10:51.642 信息 [main] org.apache.catalina.startup.VersionLoggerListener.log 服务器构建:        Sep 10 2020 21:45:33 UTC
14-Dec-2020 21:10:51.656 信息 [main] org.apache.catalina.startup.VersionLoggerListener.log 服务器版本号(:     8.5.58.0
14-Dec-2020 21:10:51.659 信息 [main] org.apache.catalina.startup.VersionLoggerListener.log 操作系统名称:      Windows 10
14-Dec-2020 21:10:51.661 信息 [main] org.apache.catalina.startup.VersionLoggerListener.log OS.版本:           10.0
14-Dec-2020 21:10:51.663 信息 [main] org.apache.catalina.startup.VersionLoggerListener.log 架构:              amd64
14-Dec-2020 21:10:51.665 信息 [main] org.apache.catalina.startup.VersionLoggerListener.log Java 环境变量:     C:\Program Files\Java\jdk-13.0.1
14-Dec-2020 21:10:51.677 信息 [main] org.apache.catalina.startup.VersionLoggerListener.log Java虚拟机版本:    13.0.1+9
14-Dec-2020 21:10:51.683 信息 [main] org.apache.catalina.startup.VersionLoggerListener.log JVM.供应商:        Oracle Corporation
14-Dec-2020 21:10:51.684 信息 [main] org.apache.catalina.startup.VersionLoggerListener.log CATALINA_BASE:     D:\Zoe-Ding\NEU\CS_6200_Information_Retrieval\05_finalProject\submit\VagueMovieSearch_zoe
14-Dec-2020 21:10:51.695 信息 [main] org.apache.catalina.startup.VersionLoggerListener.log CATALINA_HOME:     D:\Zoe-Ding\NEU\CS_6200_Information_Retrieval\05_finalProject\submit\VagueMovieSearch_zoe
14-Dec-2020 21:10:51.698 信息 [main] org.apache.catalina.startup.VersionLoggerListener.log 命令行参数：--add-opens=java.base/java.lang=ALL-UNNAMED
14-Dec-2020 21:10:51.700 信息 [main] org.apache.catalina.startup.VersionLoggerListener.log 命令行参数：--add-opens=java.base/java.io=ALL-UNNAMED
14-Dec-2020 21:10:51.701 信息 [main] org.apache.catalina.startup.VersionLoggerListener.log 命令行参数：--add-opens=java.rmi/sun.rmi.transport=ALL-UNNAMED
14-Dec-2020 21:10:51.702 信息 [main] org.apache.catalina.startup.VersionLoggerListener.log 命令行参数：-Djava.util.logging.config.file=D:\Zoe-Ding\NEU\CS_6200_Information_Retrieval\05_finalProject\submit\VagueMovieSearch_zoe\conf\logging.properties
14-Dec-2020 21:10:51.713 信息 [main] org.apache.catalina.startup.VersionLoggerListener.log 命令行参数：-Djava.util.logging.manager=org.apache.juli.ClassLoaderLogManager
14-Dec-2020 21:10:51.718 信息 [main] org.apache.catalina.startup.VersionLoggerListener.log 命令行参数：-Djdk.tls.ephemeralDHKeySize=2048
14-Dec-2020 21:10:51.720 信息 [main] org.apache.catalina.startup.VersionLoggerListener.log 命令行参数：-Djava.protocol.handler.pkgs=org.apache.catalina.webresources
14-Dec-2020 21:10:51.731 信息 [main] org.apache.catalina.startup.VersionLoggerListener.log 命令行参数：-Dignore.endorsed.dirs=
14-Dec-2020 21:10:51.738 信息 [main] org.apache.catalina.startup.VersionLoggerListener.log 命令行参数：-Dcatalina.base=D:\Zoe-Ding\NEU\CS_6200_Information_Retrieval\05_finalProject\submit\VagueMovieSearch_zoe
14-Dec-2020 21:10:51.745 信息 [main] org.apache.catalina.startup.VersionLoggerListener.log 命令行参数：-Dcatalina.home=D:\Zoe-Ding\NEU\CS_6200_Information_Retrieval\05_finalProject\submit\VagueMovieSearch_zoe
14-Dec-2020 21:10:51.754 信息 [main] org.apache.catalina.startup.VersionLoggerListener.log 命令行参数：-Djava.io.tmpdir=D:\Zoe-Ding\NEU\CS_6200_Information_Retrieval\05_finalProject\submit\VagueMovieSearch_zoe\temp
14-Dec-2020 21:10:51.766 信息 [main] org.apache.catalina.core.AprLifecycleListener.lifecycleEvent 在java.library.path:[C:\Program Files\Java\jdk-13.0.1\bin;C:\WINDOWS\Sun\Java\bin;C:\WINDOWS\system32;C:\WINDOWS;C:\Python38\Scripts\;C:\Python38\;C:\app\Zoe_Ding\product\11.2.0\client_1;D:\installed_software\NetSarang\Xshell 6\;D:\installed_software\Python37\Scripts\;D:\installed_software\Python37\;C:\Program Files (x86)\Intel\Intel(R) Management Engine Components\iCLS\;C:\Program Files\Intel\Intel(R) Management Engine Components\iCLS\;C:\Windows\system32;C:\Windows;C:\Windows\System32\Wbem;C:\Windows\System32\WindowsPowerShell\v1.0\;C:\Windows\System32\OpenSSH\;C:\Program Files (x86)\Intel\Intel(R) Management Engine Components\DAL;C:\Program Files\Intel\Intel(R) Management Engine Components\DAL;C:\Program Files (x86)\Intel\Intel(R) Management Engine Components\IPT;C:\Program Files\Intel\Intel(R) Management Engine Components\IPT;C:\Program Files (x86)\NVIDIA Corporation\PhysX\Common;D:\installed_software\TortoiseSVN\bin;C:\Program Files\Java\jdk-13.0.1\bin;C:\WINDOWS\system32;C:\WINDOWS;C:\WINDOWS\System32\Wbem;C:\WINDOWS\System32\WindowsPowerShell\v1.0\;C:\WINDOWS\System32\OpenSSH\;D:\Zoe-Ding\CS\flutter\bin;C:\Program Files (x86)\CodeBlocks\MinGW\bin;C:\ProgramData\chocolatey\bin;C:\tools\dart-sdk\bin;C:\Program Files\Git\cmd;C:\Program Files\nodejs\;C:\Program Files\Microsoft SQL Server\120\Tools\Binn\;C:\Users\Zoe Ding\AppData\Local\Android\Sdk\platform-tools;C:\cygwin64;C:\Program Files (x86)\WinFsp\inc\fuse;C:\Program Files (x86)\WinFsp\lib;C:\Users\Zoe Ding\AppData\Local\Microsoft\WindowsApps;D:\Zoe-Ding\CS\flutter\bin;C:\tools\dart-sdk\bin;C:\Users\Zoe Ding\AppData\Roaming\Pub\Cache\bin;C:\Users\Zoe Ding\AppData\Roaming\npm;C:\Users\Zoe Ding\CLion 2020.2.1\bin;;.]上找不到基于APR的Apache Tomcat本机库，该库允许在生产环境中获得最佳性能
14-Dec-2020 21:10:52.096 信息 [main] org.apache.coyote.AbstractProtocol.init 初始化协议处理器 ["http-nio-8080"]
14-Dec-2020 21:10:57.221 信息 [main] org.apache.tomcat.util.net.NioSelectorPool.getSharedSelector Using a shared selector for servlet write/read
14-Dec-2020 21:10:57.301 信息 [main] org.apache.catalina.startup.Catalina.load Initialization processed in 9393 ms
14-Dec-2020 21:10:57.503 信息 [main] org.apache.catalina.core.StandardService.startInternal 正在启动服务[Catalina]
14-Dec-2020 21:10:57.504 信息 [main] org.apache.catalina.core.StandardEngine.startInternal Starting Servlet Engine: Apache Tomcat/8.5.58
14-Dec-2020 21:11:22.545 信息 [localhost-startStop-1] org.apache.jasper.servlet.TldScanner.scanJars 至少有一个JAR被扫描用于TLD但尚未包含TLD。 为此记录器启用调试日志记录，以获取已扫描但未在其中找到TLD的完整JAR列表。 在扫描期间跳过不需要的JAR可以缩短启动时间和JSP编译时间。
14-Dec-2020 21:11:25.667 警告 [localhost-startStop-1] org.apache.catalina.util.SessionIdGeneratorBase.createSecureRandom 使用[SHA1PRNG]创建会话ID生成的SecureRandom实例花费了[2,905]毫秒。
14-Dec-2020 21:11:25.928 信息 [localhost-startStop-1] org.apache.catalina.startup.HostConfig.deployDirectory 把web 应用程序部署到目录 [D:\Zoe-Ding\NEU\CS_6200_Information_Retrieval\05_finalProject\submit\VagueMovieSearch_zoe\webapps\docs]
14-Dec-2020 21:11:26.265 信息 [localhost-startStop-1] org.apache.catalina.startup.HostConfig.deployDirectory Web应用程序目录[D:\Zoe-Ding\NEU\CS_6200_Information_Retrieval\05_finalProject\submit\VagueMovieSearch_zoe\webapps\docs]的部署已在[336]毫秒内完成
14-Dec-2020 21:11:26.270 信息 [localhost-startStop-1] org.apache.catalina.startup.HostConfig.deployDirectory 把web 应用程序部署到目录 [D:\Zoe-Ding\NEU\CS_6200_Information_Retrieval\05_finalProject\submit\VagueMovieSearch_zoe\webapps\examples]
14-Dec-2020 21:11:30.884 信息 [localhost-startStop-1] org.apache.catalina.startup.HostConfig.deployDirectory Web应用程序目录[D:\Zoe-Ding\NEU\CS_6200_Information_Retrieval\05_finalProject\submit\VagueMovieSearch_zoe\webapps\examples]的部署已在[4,614]毫秒内完成
14-Dec-2020 21:11:30.923 信息 [localhost-startStop-1] org.apache.catalina.startup.HostConfig.deployDirectory 把web 应用程序部署到目录 [D:\Zoe-Ding\NEU\CS_6200_Information_Retrieval\05_finalProject\submit\VagueMovieSearch_zoe\webapps\host-manager]
14-Dec-2020 21:11:31.366 信息 [localhost-startStop-1] org.apache.catalina.startup.HostConfig.deployDirectory Web应用程序目录[D:\Zoe-Ding\NEU\CS_6200_Information_Retrieval\05_finalProject\submit\VagueMovieSearch_zoe\webapps\host-manager]的部署已在[441]毫秒内完成
14-Dec-2020 21:11:31.392 信息 [localhost-startStop-1] org.apache.catalina.startup.HostConfig.deployDirectory 把web 应用程序部署到目录 [D:\Zoe-Ding\NEU\CS_6200_Information_Retrieval\05_finalProject\submit\VagueMovieSearch_zoe\webapps\manager]
14-Dec-2020 21:11:31.698 信息 [localhost-startStop-1] org.apache.catalina.startup.HostConfig.deployDirectory Web应用程序目录[D:\Zoe-Ding\NEU\CS_6200_Information_Retrieval\05_finalProject\submit\VagueMovieSearch_zoe\webapps\manager]的部署已在[306]毫秒内完成
14-Dec-2020 21:11:31.754 信息 [localhost-startStop-1] org.apache.catalina.startup.HostConfig.deployDirectory 把web 应用程序部署到目录 [D:\Zoe-Ding\NEU\CS_6200_Information_Retrieval\05_finalProject\submit\VagueMovieSearch_zoe\webapps\ROOT]
14-Dec-2020 21:11:32.035 信息 [localhost-startStop-1] org.apache.catalina.startup.HostConfig.deployDirectory Web应用程序目录[D:\Zoe-Ding\NEU\CS_6200_Information_Retrieval\05_finalProject\submit\VagueMovieSearch_zoe\webapps\ROOT]的部署已在[279]毫秒内完成
14-Dec-2020 21:11:32.128 信息 [main] org.apache.coyote.AbstractProtocol.start 开始协议处理句柄["http-nio-8080"]
14-Dec-2020 21:11:32.385 信息 [main] org.apache.catalina.startup.Catalina.start Server startup in 35081 ms
