07-Oct-2020 15:38:47.532 信息 [main] org.apache.catalina.startup.VersionLoggerListener.log Server.服务器版本: Apache Tomcat/8.5.58
07-Oct-2020 15:38:47.538 信息 [main] org.apache.catalina.startup.VersionLoggerListener.log 服务器构建:        Sep 10 2020 21:45:33 UTC
07-Oct-2020 15:38:47.541 信息 [main] org.apache.catalina.startup.VersionLoggerListener.log 服务器版本号(:     8.5.58.0
07-Oct-2020 15:38:47.541 信息 [main] org.apache.catalina.startup.VersionLoggerListener.log 操作系统名称:      Windows 10
07-Oct-2020 15:38:47.542 信息 [main] org.apache.catalina.startup.VersionLoggerListener.log OS.版本:           10.0
07-Oct-2020 15:38:47.542 信息 [main] org.apache.catalina.startup.VersionLoggerListener.log 架构:              amd64
07-Oct-2020 15:38:47.542 信息 [main] org.apache.catalina.startup.VersionLoggerListener.log Java 环境变量:     C:\Program Files\Java\jdk-13.0.1
07-Oct-2020 15:38:47.543 信息 [main] org.apache.catalina.startup.VersionLoggerListener.log Java虚拟机版本:    13.0.1+9
07-Oct-2020 15:38:47.543 信息 [main] org.apache.catalina.startup.VersionLoggerListener.log JVM.供应商:        Oracle Corporation
07-Oct-2020 15:38:47.543 信息 [main] org.apache.catalina.startup.VersionLoggerListener.log CATALINA_BASE:     D:\Zoe-Ding\NEU\CS_6200_Information_Retrieval\04_homework\indexingProject_zoe
07-Oct-2020 15:38:47.544 信息 [main] org.apache.catalina.startup.VersionLoggerListener.log CATALINA_HOME:     D:\Zoe-Ding\NEU\CS_6200_Information_Retrieval\04_homework\indexingProject_zoe
07-Oct-2020 15:38:47.544 信息 [main] org.apache.catalina.startup.VersionLoggerListener.log 命令行参数：--add-opens=java.base/java.lang=ALL-UNNAMED
07-Oct-2020 15:38:47.545 信息 [main] org.apache.catalina.startup.VersionLoggerListener.log 命令行参数：--add-opens=java.base/java.io=ALL-UNNAMED
07-Oct-2020 15:38:47.545 信息 [main] org.apache.catalina.startup.VersionLoggerListener.log 命令行参数：--add-opens=java.rmi/sun.rmi.transport=ALL-UNNAMED
07-Oct-2020 15:38:47.545 信息 [main] org.apache.catalina.startup.VersionLoggerListener.log 命令行参数：-Djava.util.logging.config.file=D:\Zoe-Ding\NEU\CS_6200_Information_Retrieval\04_homework\indexingProject_zoe\conf\logging.properties
07-Oct-2020 15:38:47.546 信息 [main] org.apache.catalina.startup.VersionLoggerListener.log 命令行参数：-Djava.util.logging.manager=org.apache.juli.ClassLoaderLogManager
07-Oct-2020 15:38:47.546 信息 [main] org.apache.catalina.startup.VersionLoggerListener.log 命令行参数：-Djdk.tls.ephemeralDHKeySize=2048
07-Oct-2020 15:38:47.547 信息 [main] org.apache.catalina.startup.VersionLoggerListener.log 命令行参数：-Djava.protocol.handler.pkgs=org.apache.catalina.webresources
07-Oct-2020 15:38:47.548 信息 [main] org.apache.catalina.startup.VersionLoggerListener.log 命令行参数：-Dignore.endorsed.dirs=
07-Oct-2020 15:38:47.549 信息 [main] org.apache.catalina.startup.VersionLoggerListener.log 命令行参数：-Dcatalina.base=D:\Zoe-Ding\NEU\CS_6200_Information_Retrieval\04_homework\indexingProject_zoe
07-Oct-2020 15:38:47.549 信息 [main] org.apache.catalina.startup.VersionLoggerListener.log 命令行参数：-Dcatalina.home=D:\Zoe-Ding\NEU\CS_6200_Information_Retrieval\04_homework\indexingProject_zoe
07-Oct-2020 15:38:47.549 信息 [main] org.apache.catalina.startup.VersionLoggerListener.log 命令行参数：-Djava.io.tmpdir=D:\Zoe-Ding\NEU\CS_6200_Information_Retrieval\04_homework\indexingProject_zoe\temp
07-Oct-2020 15:38:47.555 信息 [main] org.apache.catalina.core.AprLifecycleListener.lifecycleEvent 在java.library.path:[C:\Program Files\Java\jdk-13.0.1\bin;C:\WINDOWS\Sun\Java\bin;C:\WINDOWS\system32;C:\WINDOWS;C:\Python38\Scripts\;C:\Python38\;C:\app\Zoe_Ding\product\11.2.0\client_1;D:\installed_software\NetSarang\Xshell 6\;D:\installed_software\Python37\Scripts\;D:\installed_software\Python37\;C:\Program Files (x86)\Intel\Intel(R) Management Engine Components\iCLS\;C:\Program Files\Intel\Intel(R) Management Engine Components\iCLS\;C:\Windows\system32;C:\Windows;C:\Windows\System32\Wbem;C:\Windows\System32\WindowsPowerShell\v1.0\;C:\Windows\System32\OpenSSH\;C:\Program Files (x86)\Intel\Intel(R) Management Engine Components\DAL;C:\Program Files\Intel\Intel(R) Management Engine Components\DAL;C:\Program Files (x86)\Intel\Intel(R) Management Engine Components\IPT;C:\Program Files\Intel\Intel(R) Management Engine Components\IPT;C:\Program Files (x86)\NVIDIA Corporation\PhysX\Common;D:\installed_software\TortoiseSVN\bin;C:\Program Files\Java\jdk-13.0.1\bin;C:\WINDOWS\system32;C:\WINDOWS;C:\WINDOWS\System32\Wbem;C:\WINDOWS\System32\WindowsPowerShell\v1.0\;C:\WINDOWS\System32\OpenSSH\;D:\Zoe-Ding\CS\flutter\bin;C:\Program Files (x86)\CodeBlocks\MinGW\bin;C:\ProgramData\chocolatey\bin;C:\tools\dart-sdk\bin;C:\Program Files\Git\cmd;C:\Program Files\nodejs\;C:\Program Files\Microsoft SQL Server\120\Tools\Binn\;C:\Users\Zoe Ding\AppData\Local\Android\Sdk\platform-tools;C:\cygwin64;C:\Users\Zoe Ding\AppData\Local\Microsoft\WindowsApps;D:\Zoe-Ding\CS\flutter\bin;C:\tools\dart-sdk\bin;C:\Users\Zoe Ding\AppData\Roaming\Pub\Cache\bin;C:\Users\Zoe Ding\AppData\Roaming\npm;C:\Users\Zoe Ding\CLion 2020.2.1\bin;;.]上找不到基于APR的Apache Tomcat本机库，该库允许在生产环境中获得最佳性能
07-Oct-2020 15:38:47.618 信息 [main] org.apache.coyote.AbstractProtocol.init 初始化协议处理器 ["http-nio-8080"]
07-Oct-2020 15:38:48.391 信息 [main] org.apache.tomcat.util.net.NioSelectorPool.getSharedSelector Using a shared selector for servlet write/read
07-Oct-2020 15:38:48.404 信息 [main] org.apache.catalina.startup.Catalina.load Initialization processed in 1335 ms
07-Oct-2020 15:38:48.449 信息 [main] org.apache.catalina.core.StandardService.startInternal 正在启动服务[Catalina]
07-Oct-2020 15:38:48.450 信息 [main] org.apache.catalina.core.StandardEngine.startInternal Starting Servlet Engine: Apache Tomcat/8.5.58
07-Oct-2020 15:38:48.468 信息 [localhost-startStop-1] org.apache.catalina.startup.HostConfig.deployDirectory 把web 应用程序部署到目录 [D:\Zoe-Ding\NEU\CS_6200_Information_Retrieval\04_homework\indexingProject_zoe\webapps\docs]
07-Oct-2020 15:38:49.056 警告 [localhost-startStop-1] org.apache.catalina.util.SessionIdGeneratorBase.createSecureRandom 使用[SHA1PRNG]创建会话ID生成的SecureRandom实例花费了[345]毫秒。
07-Oct-2020 15:38:49.078 信息 [localhost-startStop-1] org.apache.catalina.startup.HostConfig.deployDirectory Web应用程序目录[D:\Zoe-Ding\NEU\CS_6200_Information_Retrieval\04_homework\indexingProject_zoe\webapps\docs]的部署已在[609]毫秒内完成
07-Oct-2020 15:38:49.078 信息 [localhost-startStop-1] org.apache.catalina.startup.HostConfig.deployDirectory 把web 应用程序部署到目录 [D:\Zoe-Ding\NEU\CS_6200_Information_Retrieval\04_homework\indexingProject_zoe\webapps\examples]
07-Oct-2020 15:38:49.537 信息 [localhost-startStop-1] org.apache.catalina.startup.HostConfig.deployDirectory Web应用程序目录[D:\Zoe-Ding\NEU\CS_6200_Information_Retrieval\04_homework\indexingProject_zoe\webapps\examples]的部署已在[459]毫秒内完成
07-Oct-2020 15:38:49.537 信息 [localhost-startStop-1] org.apache.catalina.startup.HostConfig.deployDirectory 把web 应用程序部署到目录 [D:\Zoe-Ding\NEU\CS_6200_Information_Retrieval\04_homework\indexingProject_zoe\webapps\host-manager]
07-Oct-2020 15:38:49.571 信息 [localhost-startStop-1] org.apache.catalina.startup.HostConfig.deployDirectory Web应用程序目录[D:\Zoe-Ding\NEU\CS_6200_Information_Retrieval\04_homework\indexingProject_zoe\webapps\host-manager]的部署已在[34]毫秒内完成
07-Oct-2020 15:38:49.572 信息 [localhost-startStop-1] org.apache.catalina.startup.HostConfig.deployDirectory 把web 应用程序部署到目录 [D:\Zoe-Ding\NEU\CS_6200_Information_Retrieval\04_homework\indexingProject_zoe\webapps\manager]
07-Oct-2020 15:38:49.610 信息 [localhost-startStop-1] org.apache.catalina.startup.HostConfig.deployDirectory Web应用程序目录[D:\Zoe-Ding\NEU\CS_6200_Information_Retrieval\04_homework\indexingProject_zoe\webapps\manager]的部署已在[38]毫秒内完成
07-Oct-2020 15:38:49.610 信息 [localhost-startStop-1] org.apache.catalina.startup.HostConfig.deployDirectory 把web 应用程序部署到目录 [D:\Zoe-Ding\NEU\CS_6200_Information_Retrieval\04_homework\indexingProject_zoe\webapps\ROOT]
07-Oct-2020 15:38:49.641 信息 [localhost-startStop-1] org.apache.catalina.startup.HostConfig.deployDirectory Web应用程序目录[D:\Zoe-Ding\NEU\CS_6200_Information_Retrieval\04_homework\indexingProject_zoe\webapps\ROOT]的部署已在[31]毫秒内完成
07-Oct-2020 15:38:49.647 信息 [main] org.apache.coyote.AbstractProtocol.start 开始协议处理句柄["http-nio-8080"]
07-Oct-2020 15:38:49.661 信息 [main] org.apache.catalina.startup.Catalina.start Server startup in 1256 ms
07-Oct-2020 22:25:33.002 信息 [main] org.apache.catalina.startup.VersionLoggerListener.log Server.服务器版本: Apache Tomcat/8.5.58
07-Oct-2020 22:25:33.006 信息 [main] org.apache.catalina.startup.VersionLoggerListener.log 服务器构建:        Sep 10 2020 21:45:33 UTC
07-Oct-2020 22:25:33.007 信息 [main] org.apache.catalina.startup.VersionLoggerListener.log 服务器版本号(:     8.5.58.0
07-Oct-2020 22:25:33.007 信息 [main] org.apache.catalina.startup.VersionLoggerListener.log 操作系统名称:      Windows 10
07-Oct-2020 22:25:33.007 信息 [main] org.apache.catalina.startup.VersionLoggerListener.log OS.版本:           10.0
07-Oct-2020 22:25:33.008 信息 [main] org.apache.catalina.startup.VersionLoggerListener.log 架构:              amd64
07-Oct-2020 22:25:33.008 信息 [main] org.apache.catalina.startup.VersionLoggerListener.log Java 环境变量:     C:\Program Files\Java\jdk-13.0.1
07-Oct-2020 22:25:33.008 信息 [main] org.apache.catalina.startup.VersionLoggerListener.log Java虚拟机版本:    13.0.1+9
07-Oct-2020 22:25:33.008 信息 [main] org.apache.catalina.startup.VersionLoggerListener.log JVM.供应商:        Oracle Corporation
07-Oct-2020 22:25:33.009 信息 [main] org.apache.catalina.startup.VersionLoggerListener.log CATALINA_BASE:     D:\Zoe-Ding\NEU\CS_6200_Information_Retrieval\04_homework\hw1\indexingProject_zoe
07-Oct-2020 22:25:33.009 信息 [main] org.apache.catalina.startup.VersionLoggerListener.log CATALINA_HOME:     D:\Zoe-Ding\NEU\CS_6200_Information_Retrieval\04_homework\hw1\indexingProject_zoe
07-Oct-2020 22:25:33.009 信息 [main] org.apache.catalina.startup.VersionLoggerListener.log 命令行参数：--add-opens=java.base/java.lang=ALL-UNNAMED
07-Oct-2020 22:25:33.010 信息 [main] org.apache.catalina.startup.VersionLoggerListener.log 命令行参数：--add-opens=java.base/java.io=ALL-UNNAMED
07-Oct-2020 22:25:33.010 信息 [main] org.apache.catalina.startup.VersionLoggerListener.log 命令行参数：--add-opens=java.rmi/sun.rmi.transport=ALL-UNNAMED
07-Oct-2020 22:25:33.010 信息 [main] org.apache.catalina.startup.VersionLoggerListener.log 命令行参数：-Djava.util.logging.config.file=D:\Zoe-Ding\NEU\CS_6200_Information_Retrieval\04_homework\hw1\indexingProject_zoe\conf\logging.properties
07-Oct-2020 22:25:33.011 信息 [main] org.apache.catalina.startup.VersionLoggerListener.log 命令行参数：-Djava.util.logging.manager=org.apache.juli.ClassLoaderLogManager
07-Oct-2020 22:25:33.011 信息 [main] org.apache.catalina.startup.VersionLoggerListener.log 命令行参数：-Djdk.tls.ephemeralDHKeySize=2048
07-Oct-2020 22:25:33.012 信息 [main] org.apache.catalina.startup.VersionLoggerListener.log 命令行参数：-Djava.protocol.handler.pkgs=org.apache.catalina.webresources
07-Oct-2020 22:25:33.013 信息 [main] org.apache.catalina.startup.VersionLoggerListener.log 命令行参数：-Dignore.endorsed.dirs=
07-Oct-2020 22:25:33.013 信息 [main] org.apache.catalina.startup.VersionLoggerListener.log 命令行参数：-Dcatalina.base=D:\Zoe-Ding\NEU\CS_6200_Information_Retrieval\04_homework\hw1\indexingProject_zoe
07-Oct-2020 22:25:33.013 信息 [main] org.apache.catalina.startup.VersionLoggerListener.log 命令行参数：-Dcatalina.home=D:\Zoe-Ding\NEU\CS_6200_Information_Retrieval\04_homework\hw1\indexingProject_zoe
07-Oct-2020 22:25:33.014 信息 [main] org.apache.catalina.startup.VersionLoggerListener.log 命令行参数：-Djava.io.tmpdir=D:\Zoe-Ding\NEU\CS_6200_Information_Retrieval\04_homework\hw1\indexingProject_zoe\temp
07-Oct-2020 22:25:33.015 信息 [main] org.apache.catalina.core.AprLifecycleListener.lifecycleEvent 在java.library.path:[C:\Program Files\Java\jdk-13.0.1\bin;C:\WINDOWS\Sun\Java\bin;C:\WINDOWS\system32;C:\WINDOWS;C:\Python38\Scripts\;C:\Python38\;C:\app\Zoe_Ding\product\11.2.0\client_1;D:\installed_software\NetSarang\Xshell 6\;D:\installed_software\Python37\Scripts\;D:\installed_software\Python37\;C:\Program Files (x86)\Intel\Intel(R) Management Engine Components\iCLS\;C:\Program Files\Intel\Intel(R) Management Engine Components\iCLS\;C:\Windows\system32;C:\Windows;C:\Windows\System32\Wbem;C:\Windows\System32\WindowsPowerShell\v1.0\;C:\Windows\System32\OpenSSH\;C:\Program Files (x86)\Intel\Intel(R) Management Engine Components\DAL;C:\Program Files\Intel\Intel(R) Management Engine Components\DAL;C:\Program Files (x86)\Intel\Intel(R) Management Engine Components\IPT;C:\Program Files\Intel\Intel(R) Management Engine Components\IPT;C:\Program Files (x86)\NVIDIA Corporation\PhysX\Common;D:\installed_software\TortoiseSVN\bin;C:\Program Files\Java\jdk-13.0.1\bin;C:\WINDOWS\system32;C:\WINDOWS;C:\WINDOWS\System32\Wbem;C:\WINDOWS\System32\WindowsPowerShell\v1.0\;C:\WINDOWS\System32\OpenSSH\;D:\Zoe-Ding\CS\flutter\bin;C:\Program Files (x86)\CodeBlocks\MinGW\bin;C:\ProgramData\chocolatey\bin;C:\tools\dart-sdk\bin;C:\Program Files\Git\cmd;C:\Program Files\nodejs\;C:\Program Files\Microsoft SQL Server\120\Tools\Binn\;C:\Users\Zoe Ding\AppData\Local\Android\Sdk\platform-tools;C:\cygwin64;C:\Users\Zoe Ding\AppData\Local\Microsoft\WindowsApps;D:\Zoe-Ding\CS\flutter\bin;C:\tools\dart-sdk\bin;C:\Users\Zoe Ding\AppData\Roaming\Pub\Cache\bin;C:\Users\Zoe Ding\AppData\Roaming\npm;C:\Users\Zoe Ding\CLion 2020.2.1\bin;;.]上找不到基于APR的Apache Tomcat本机库，该库允许在生产环境中获得最佳性能
07-Oct-2020 22:25:33.076 信息 [main] org.apache.coyote.AbstractProtocol.init 初始化协议处理器 ["http-nio-8080"]
07-Oct-2020 22:25:33.089 严重 [main] org.apache.catalina.core.StandardService.initInternal Failed to initialize connector [Connector[HTTP/1.1-8080]]
	org.apache.catalina.LifecycleException: 协议处理程序初始化失败
		at org.apache.catalina.connector.Connector.initInternal(Connector.java:1077)
		at org.apache.catalina.util.LifecycleBase.init(LifecycleBase.java:136)
		at org.apache.catalina.core.StandardService.initInternal(StandardService.java:552)
		at org.apache.catalina.util.LifecycleBase.init(LifecycleBase.java:136)
		at org.apache.catalina.core.StandardServer.initInternal(StandardServer.java:848)
		at org.apache.catalina.util.LifecycleBase.init(LifecycleBase.java:136)
		at org.apache.catalina.startup.Catalina.load(Catalina.java:639)
		at org.apache.catalina.startup.Catalina.load(Catalina.java:662)
		at java.base/jdk.internal.reflect.NativeMethodAccessorImpl.invoke0(Native Method)
		at java.base/jdk.internal.reflect.NativeMethodAccessorImpl.invoke(NativeMethodAccessorImpl.java:62)
		at java.base/jdk.internal.reflect.DelegatingMethodAccessorImpl.invoke(DelegatingMethodAccessorImpl.java:43)
		at java.base/java.lang.reflect.Method.invoke(Method.java:567)
		at org.apache.catalina.startup.Bootstrap.load(Bootstrap.java:302)
		at org.apache.catalina.startup.Bootstrap.main(Bootstrap.java:472)
	Caused by: java.net.BindException: Address already in use: bind
		at java.base/sun.nio.ch.Net.bind0(Native Method)
		at java.base/sun.nio.ch.Net.bind(Net.java:469)
		at java.base/sun.nio.ch.Net.bind(Net.java:458)
		at java.base/sun.nio.ch.ServerSocketChannelImpl.bind(ServerSocketChannelImpl.java:220)
		at java.base/sun.nio.ch.ServerSocketAdaptor.bind(ServerSocketAdaptor.java:88)
		at org.apache.tomcat.util.net.NioEndpoint.bind(NioEndpoint.java:221)
		at org.apache.tomcat.util.net.AbstractEndpoint.init(AbstractEndpoint.java:1118)
		at org.apache.tomcat.util.net.AbstractJsseEndpoint.init(AbstractJsseEndpoint.java:222)
		at org.apache.coyote.AbstractProtocol.init(AbstractProtocol.java:587)
		at org.apache.coyote.http11.AbstractHttp11Protocol.init(AbstractHttp11Protocol.java:75)
		at org.apache.catalina.connector.Connector.initInternal(Connector.java:1075)
		... 13 more
07-Oct-2020 22:25:33.092 信息 [main] org.apache.catalina.startup.Catalina.load Initialization processed in 572 ms
07-Oct-2020 22:25:33.136 信息 [main] org.apache.catalina.core.StandardService.startInternal 正在启动服务[Catalina]
07-Oct-2020 22:25:33.136 信息 [main] org.apache.catalina.core.StandardEngine.startInternal Starting Servlet Engine: Apache Tomcat/8.5.58
07-Oct-2020 22:25:33.167 信息 [localhost-startStop-1] org.apache.catalina.startup.HostConfig.deployWAR 正在部署web应用程序存档文件[D:\Zoe-Ding\NEU\CS_6200_Information_Retrieval\04_homework\hw1\indexingProject_zoe\webapps\hw1ZoeDing.war]
07-Oct-2020 22:25:33.851 警告 [localhost-startStop-1] org.apache.catalina.util.SessionIdGeneratorBase.createSecureRandom 使用[SHA1PRNG]创建会话ID生成的SecureRandom实例花费了[344]毫秒。
07-Oct-2020 22:25:33.879 信息 [localhost-startStop-1] org.apache.catalina.startup.HostConfig.deployWAR web应用程序存档文件[D:\Zoe-Ding\NEU\CS_6200_Information_Retrieval\04_homework\hw1\indexingProject_zoe\webapps\hw1ZoeDing.war]的部署已在[712]ms内完成
07-Oct-2020 22:25:33.881 信息 [localhost-startStop-1] org.apache.catalina.startup.HostConfig.deployDirectory 把web 应用程序部署到目录 [D:\Zoe-Ding\NEU\CS_6200_Information_Retrieval\04_homework\hw1\indexingProject_zoe\webapps\docs]
07-Oct-2020 22:25:33.907 信息 [localhost-startStop-1] org.apache.catalina.startup.HostConfig.deployDirectory Web应用程序目录[D:\Zoe-Ding\NEU\CS_6200_Information_Retrieval\04_homework\hw1\indexingProject_zoe\webapps\docs]的部署已在[26]毫秒内完成
07-Oct-2020 22:25:33.908 信息 [localhost-startStop-1] org.apache.catalina.startup.HostConfig.deployDirectory 把web 应用程序部署到目录 [D:\Zoe-Ding\NEU\CS_6200_Information_Retrieval\04_homework\hw1\indexingProject_zoe\webapps\examples]
07-Oct-2020 22:25:34.449 信息 [localhost-startStop-1] org.apache.catalina.startup.HostConfig.deployDirectory Web应用程序目录[D:\Zoe-Ding\NEU\CS_6200_Information_Retrieval\04_homework\hw1\indexingProject_zoe\webapps\examples]的部署已在[541]毫秒内完成
07-Oct-2020 22:25:34.450 信息 [localhost-startStop-1] org.apache.catalina.startup.HostConfig.deployDirectory 把web 应用程序部署到目录 [D:\Zoe-Ding\NEU\CS_6200_Information_Retrieval\04_homework\hw1\indexingProject_zoe\webapps\host-manager]
07-Oct-2020 22:25:34.494 信息 [localhost-startStop-1] org.apache.catalina.startup.HostConfig.deployDirectory Web应用程序目录[D:\Zoe-Ding\NEU\CS_6200_Information_Retrieval\04_homework\hw1\indexingProject_zoe\webapps\host-manager]的部署已在[44]毫秒内完成
07-Oct-2020 22:25:34.495 信息 [localhost-startStop-1] org.apache.catalina.startup.HostConfig.deployDirectory 把web 应用程序部署到目录 [D:\Zoe-Ding\NEU\CS_6200_Information_Retrieval\04_homework\hw1\indexingProject_zoe\webapps\manager]
07-Oct-2020 22:25:34.536 信息 [localhost-startStop-1] org.apache.catalina.startup.HostConfig.deployDirectory Web应用程序目录[D:\Zoe-Ding\NEU\CS_6200_Information_Retrieval\04_homework\hw1\indexingProject_zoe\webapps\manager]的部署已在[41]毫秒内完成
07-Oct-2020 22:25:34.536 信息 [localhost-startStop-1] org.apache.catalina.startup.HostConfig.deployDirectory 把web 应用程序部署到目录 [D:\Zoe-Ding\NEU\CS_6200_Information_Retrieval\04_homework\hw1\indexingProject_zoe\webapps\ROOT]
07-Oct-2020 22:25:34.580 信息 [localhost-startStop-1] org.apache.catalina.startup.HostConfig.deployDirectory Web应用程序目录[D:\Zoe-Ding\NEU\CS_6200_Information_Retrieval\04_homework\hw1\indexingProject_zoe\webapps\ROOT]的部署已在[44]毫秒内完成
07-Oct-2020 22:25:34.586 信息 [main] org.apache.catalina.startup.Catalina.start Server startup in 1493 ms
07-Oct-2020 22:25:34.595 严重 [main] org.apache.catalina.core.StandardServer.await StandardServer.await: create[localhost:8005]: 
	java.net.BindException: Address already in use: bind
		at java.base/sun.nio.ch.Net.bind0(Native Method)
		at java.base/sun.nio.ch.Net.bind(Net.java:469)
		at java.base/sun.nio.ch.Net.bind(Net.java:458)
		at java.base/sun.nio.ch.NioSocketImpl.bind(NioSocketImpl.java:643)
		at java.base/java.net.ServerSocket.bind(ServerSocket.java:374)
		at java.base/java.net.ServerSocket.<init>(ServerSocket.java:260)
		at org.apache.catalina.core.StandardServer.await(StandardServer.java:421)
		at org.apache.catalina.startup.Catalina.await(Catalina.java:776)
		at org.apache.catalina.startup.Catalina.start(Catalina.java:722)
		at java.base/jdk.internal.reflect.NativeMethodAccessorImpl.invoke0(Native Method)
		at java.base/jdk.internal.reflect.NativeMethodAccessorImpl.invoke(NativeMethodAccessorImpl.java:62)
		at java.base/jdk.internal.reflect.DelegatingMethodAccessorImpl.invoke(DelegatingMethodAccessorImpl.java:43)
		at java.base/java.lang.reflect.Method.invoke(Method.java:567)
		at org.apache.catalina.startup.Bootstrap.start(Bootstrap.java:342)
		at org.apache.catalina.startup.Bootstrap.main(Bootstrap.java:473)
07-Oct-2020 22:25:34.596 信息 [main] org.apache.coyote.AbstractProtocol.pause 暂停ProtocolHandler["http-nio-8080"]
07-Oct-2020 22:25:34.596 信息 [main] org.apache.catalina.core.StandardService.stopInternal 正在停止服务[Catalina]
07-Oct-2020 22:25:34.620 信息 [main] org.apache.coyote.AbstractProtocol.stop 正在停止ProtocolHandler ["http-nio-8080"]
07-Oct-2020 22:25:34.621 信息 [main] org.apache.coyote.AbstractProtocol.destroy 正在摧毁协议处理器 ["http-nio-8080"]
07-Oct-2020 22:25:59.125 信息 [main] org.apache.catalina.startup.VersionLoggerListener.log Server.服务器版本: Apache Tomcat/8.5.58
07-Oct-2020 22:25:59.130 信息 [main] org.apache.catalina.startup.VersionLoggerListener.log 服务器构建:        Sep 10 2020 21:45:33 UTC
07-Oct-2020 22:25:59.130 信息 [main] org.apache.catalina.startup.VersionLoggerListener.log 服务器版本号(:     8.5.58.0
07-Oct-2020 22:25:59.130 信息 [main] org.apache.catalina.startup.VersionLoggerListener.log 操作系统名称:      Windows 10
07-Oct-2020 22:25:59.131 信息 [main] org.apache.catalina.startup.VersionLoggerListener.log OS.版本:           10.0
07-Oct-2020 22:25:59.131 信息 [main] org.apache.catalina.startup.VersionLoggerListener.log 架构:              amd64
07-Oct-2020 22:25:59.131 信息 [main] org.apache.catalina.startup.VersionLoggerListener.log Java 环境变量:     C:\Program Files\Java\jdk-13.0.1
07-Oct-2020 22:25:59.131 信息 [main] org.apache.catalina.startup.VersionLoggerListener.log Java虚拟机版本:    13.0.1+9
07-Oct-2020 22:25:59.132 信息 [main] org.apache.catalina.startup.VersionLoggerListener.log JVM.供应商:        Oracle Corporation
07-Oct-2020 22:25:59.132 信息 [main] org.apache.catalina.startup.VersionLoggerListener.log CATALINA_BASE:     D:\Zoe-Ding\NEU\CS_6200_Information_Retrieval\04_homework\hw1\indexingProject_zoe
07-Oct-2020 22:25:59.132 信息 [main] org.apache.catalina.startup.VersionLoggerListener.log CATALINA_HOME:     D:\Zoe-Ding\NEU\CS_6200_Information_Retrieval\04_homework\hw1\indexingProject_zoe
07-Oct-2020 22:25:59.133 信息 [main] org.apache.catalina.startup.VersionLoggerListener.log 命令行参数：--add-opens=java.base/java.lang=ALL-UNNAMED
07-Oct-2020 22:25:59.133 信息 [main] org.apache.catalina.startup.VersionLoggerListener.log 命令行参数：--add-opens=java.base/java.io=ALL-UNNAMED
07-Oct-2020 22:25:59.134 信息 [main] org.apache.catalina.startup.VersionLoggerListener.log 命令行参数：--add-opens=java.rmi/sun.rmi.transport=ALL-UNNAMED
07-Oct-2020 22:25:59.134 信息 [main] org.apache.catalina.startup.VersionLoggerListener.log 命令行参数：-Djava.util.logging.config.file=D:\Zoe-Ding\NEU\CS_6200_Information_Retrieval\04_homework\hw1\indexingProject_zoe\conf\logging.properties
07-Oct-2020 22:25:59.134 信息 [main] org.apache.catalina.startup.VersionLoggerListener.log 命令行参数：-Djava.util.logging.manager=org.apache.juli.ClassLoaderLogManager
07-Oct-2020 22:25:59.135 信息 [main] org.apache.catalina.startup.VersionLoggerListener.log 命令行参数：-Djdk.tls.ephemeralDHKeySize=2048
07-Oct-2020 22:25:59.136 信息 [main] org.apache.catalina.startup.VersionLoggerListener.log 命令行参数：-Djava.protocol.handler.pkgs=org.apache.catalina.webresources
07-Oct-2020 22:25:59.136 信息 [main] org.apache.catalina.startup.VersionLoggerListener.log 命令行参数：-Dignore.endorsed.dirs=
07-Oct-2020 22:25:59.137 信息 [main] org.apache.catalina.startup.VersionLoggerListener.log 命令行参数：-Dcatalina.base=D:\Zoe-Ding\NEU\CS_6200_Information_Retrieval\04_homework\hw1\indexingProject_zoe
07-Oct-2020 22:25:59.138 信息 [main] org.apache.catalina.startup.VersionLoggerListener.log 命令行参数：-Dcatalina.home=D:\Zoe-Ding\NEU\CS_6200_Information_Retrieval\04_homework\hw1\indexingProject_zoe
07-Oct-2020 22:25:59.138 信息 [main] org.apache.catalina.startup.VersionLoggerListener.log 命令行参数：-Djava.io.tmpdir=D:\Zoe-Ding\NEU\CS_6200_Information_Retrieval\04_homework\hw1\indexingProject_zoe\temp
07-Oct-2020 22:25:59.139 信息 [main] org.apache.catalina.core.AprLifecycleListener.lifecycleEvent 在java.library.path:[C:\Program Files\Java\jdk-13.0.1\bin;C:\WINDOWS\Sun\Java\bin;C:\WINDOWS\system32;C:\WINDOWS;C:\Python38\Scripts\;C:\Python38\;C:\app\Zoe_Ding\product\11.2.0\client_1;D:\installed_software\NetSarang\Xshell 6\;D:\installed_software\Python37\Scripts\;D:\installed_software\Python37\;C:\Program Files (x86)\Intel\Intel(R) Management Engine Components\iCLS\;C:\Program Files\Intel\Intel(R) Management Engine Components\iCLS\;C:\Windows\system32;C:\Windows;C:\Windows\System32\Wbem;C:\Windows\System32\WindowsPowerShell\v1.0\;C:\Windows\System32\OpenSSH\;C:\Program Files (x86)\Intel\Intel(R) Management Engine Components\DAL;C:\Program Files\Intel\Intel(R) Management Engine Components\DAL;C:\Program Files (x86)\Intel\Intel(R) Management Engine Components\IPT;C:\Program Files\Intel\Intel(R) Management Engine Components\IPT;C:\Program Files (x86)\NVIDIA Corporation\PhysX\Common;D:\installed_software\TortoiseSVN\bin;C:\Program Files\Java\jdk-13.0.1\bin;C:\WINDOWS\system32;C:\WINDOWS;C:\WINDOWS\System32\Wbem;C:\WINDOWS\System32\WindowsPowerShell\v1.0\;C:\WINDOWS\System32\OpenSSH\;D:\Zoe-Ding\CS\flutter\bin;C:\Program Files (x86)\CodeBlocks\MinGW\bin;C:\ProgramData\chocolatey\bin;C:\tools\dart-sdk\bin;C:\Program Files\Git\cmd;C:\Program Files\nodejs\;C:\Program Files\Microsoft SQL Server\120\Tools\Binn\;C:\Users\Zoe Ding\AppData\Local\Android\Sdk\platform-tools;C:\cygwin64;C:\Users\Zoe Ding\AppData\Local\Microsoft\WindowsApps;D:\Zoe-Ding\CS\flutter\bin;C:\tools\dart-sdk\bin;C:\Users\Zoe Ding\AppData\Roaming\Pub\Cache\bin;C:\Users\Zoe Ding\AppData\Roaming\npm;C:\Users\Zoe Ding\CLion 2020.2.1\bin;;.]上找不到基于APR的Apache Tomcat本机库，该库允许在生产环境中获得最佳性能
07-Oct-2020 22:25:59.193 信息 [main] org.apache.coyote.AbstractProtocol.init 初始化协议处理器 ["http-nio-8080"]
07-Oct-2020 22:25:59.208 严重 [main] org.apache.catalina.core.StandardService.initInternal Failed to initialize connector [Connector[HTTP/1.1-8080]]
	org.apache.catalina.LifecycleException: 协议处理程序初始化失败
		at org.apache.catalina.connector.Connector.initInternal(Connector.java:1077)
		at org.apache.catalina.util.LifecycleBase.init(LifecycleBase.java:136)
		at org.apache.catalina.core.StandardService.initInternal(StandardService.java:552)
		at org.apache.catalina.util.LifecycleBase.init(LifecycleBase.java:136)
		at org.apache.catalina.core.StandardServer.initInternal(StandardServer.java:848)
		at org.apache.catalina.util.LifecycleBase.init(LifecycleBase.java:136)
		at org.apache.catalina.startup.Catalina.load(Catalina.java:639)
		at org.apache.catalina.startup.Catalina.load(Catalina.java:662)
		at java.base/jdk.internal.reflect.NativeMethodAccessorImpl.invoke0(Native Method)
		at java.base/jdk.internal.reflect.NativeMethodAccessorImpl.invoke(NativeMethodAccessorImpl.java:62)
		at java.base/jdk.internal.reflect.DelegatingMethodAccessorImpl.invoke(DelegatingMethodAccessorImpl.java:43)
		at java.base/java.lang.reflect.Method.invoke(Method.java:567)
		at org.apache.catalina.startup.Bootstrap.load(Bootstrap.java:302)
		at org.apache.catalina.startup.Bootstrap.main(Bootstrap.java:472)
	Caused by: java.net.BindException: Address already in use: bind
		at java.base/sun.nio.ch.Net.bind0(Native Method)
		at java.base/sun.nio.ch.Net.bind(Net.java:469)
		at java.base/sun.nio.ch.Net.bind(Net.java:458)
		at java.base/sun.nio.ch.ServerSocketChannelImpl.bind(ServerSocketChannelImpl.java:220)
		at java.base/sun.nio.ch.ServerSocketAdaptor.bind(ServerSocketAdaptor.java:88)
		at org.apache.tomcat.util.net.NioEndpoint.bind(NioEndpoint.java:221)
		at org.apache.tomcat.util.net.AbstractEndpoint.init(AbstractEndpoint.java:1118)
		at org.apache.tomcat.util.net.AbstractJsseEndpoint.init(AbstractJsseEndpoint.java:222)
		at org.apache.coyote.AbstractProtocol.init(AbstractProtocol.java:587)
		at org.apache.coyote.http11.AbstractHttp11Protocol.init(AbstractHttp11Protocol.java:75)
		at org.apache.catalina.connector.Connector.initInternal(Connector.java:1075)
		... 13 more
07-Oct-2020 22:25:59.210 信息 [main] org.apache.catalina.startup.Catalina.load Initialization processed in 548 ms
07-Oct-2020 22:25:59.252 信息 [main] org.apache.catalina.core.StandardService.startInternal 正在启动服务[Catalina]
07-Oct-2020 22:25:59.252 信息 [main] org.apache.catalina.core.StandardEngine.startInternal Starting Servlet Engine: Apache Tomcat/8.5.58
07-Oct-2020 22:25:59.284 信息 [localhost-startStop-1] org.apache.catalina.startup.HostConfig.deployWAR 正在部署web应用程序存档文件[D:\Zoe-Ding\NEU\CS_6200_Information_Retrieval\04_homework\hw1\indexingProject_zoe\webapps\hw1ZoeDing.war]
07-Oct-2020 22:25:59.921 警告 [localhost-startStop-1] org.apache.catalina.util.SessionIdGeneratorBase.createSecureRandom 使用[SHA1PRNG]创建会话ID生成的SecureRandom实例花费了[358]毫秒。
07-Oct-2020 22:25:59.943 信息 [localhost-startStop-1] org.apache.catalina.startup.HostConfig.deployWAR web应用程序存档文件[D:\Zoe-Ding\NEU\CS_6200_Information_Retrieval\04_homework\hw1\indexingProject_zoe\webapps\hw1ZoeDing.war]的部署已在[659]ms内完成
07-Oct-2020 22:25:59.945 信息 [localhost-startStop-1] org.apache.catalina.startup.HostConfig.deployDirectory 把web 应用程序部署到目录 [D:\Zoe-Ding\NEU\CS_6200_Information_Retrieval\04_homework\hw1\indexingProject_zoe\webapps\docs]
07-Oct-2020 22:25:59.976 信息 [localhost-startStop-1] org.apache.catalina.startup.HostConfig.deployDirectory Web应用程序目录[D:\Zoe-Ding\NEU\CS_6200_Information_Retrieval\04_homework\hw1\indexingProject_zoe\webapps\docs]的部署已在[31]毫秒内完成
07-Oct-2020 22:25:59.976 信息 [localhost-startStop-1] org.apache.catalina.startup.HostConfig.deployDirectory 把web 应用程序部署到目录 [D:\Zoe-Ding\NEU\CS_6200_Information_Retrieval\04_homework\hw1\indexingProject_zoe\webapps\examples]
07-Oct-2020 22:26:00.396 信息 [localhost-startStop-1] org.apache.catalina.startup.HostConfig.deployDirectory Web应用程序目录[D:\Zoe-Ding\NEU\CS_6200_Information_Retrieval\04_homework\hw1\indexingProject_zoe\webapps\examples]的部署已在[420]毫秒内完成
07-Oct-2020 22:26:00.396 信息 [localhost-startStop-1] org.apache.catalina.startup.HostConfig.deployDirectory 把web 应用程序部署到目录 [D:\Zoe-Ding\NEU\CS_6200_Information_Retrieval\04_homework\hw1\indexingProject_zoe\webapps\host-manager]
07-Oct-2020 22:26:00.433 信息 [localhost-startStop-1] org.apache.catalina.startup.HostConfig.deployDirectory Web应用程序目录[D:\Zoe-Ding\NEU\CS_6200_Information_Retrieval\04_homework\hw1\indexingProject_zoe\webapps\host-manager]的部署已在[37]毫秒内完成
07-Oct-2020 22:26:00.435 信息 [localhost-startStop-1] org.apache.catalina.startup.HostConfig.deployDirectory 把web 应用程序部署到目录 [D:\Zoe-Ding\NEU\CS_6200_Information_Retrieval\04_homework\hw1\indexingProject_zoe\webapps\manager]
07-Oct-2020 22:26:00.468 信息 [localhost-startStop-1] org.apache.catalina.startup.HostConfig.deployDirectory Web应用程序目录[D:\Zoe-Ding\NEU\CS_6200_Information_Retrieval\04_homework\hw1\indexingProject_zoe\webapps\manager]的部署已在[33]毫秒内完成
07-Oct-2020 22:26:00.469 信息 [localhost-startStop-1] org.apache.catalina.startup.HostConfig.deployDirectory 把web 应用程序部署到目录 [D:\Zoe-Ding\NEU\CS_6200_Information_Retrieval\04_homework\hw1\indexingProject_zoe\webapps\ROOT]
07-Oct-2020 22:26:00.501 信息 [localhost-startStop-1] org.apache.catalina.startup.HostConfig.deployDirectory Web应用程序目录[D:\Zoe-Ding\NEU\CS_6200_Information_Retrieval\04_homework\hw1\indexingProject_zoe\webapps\ROOT]的部署已在[33]毫秒内完成
07-Oct-2020 22:26:00.509 信息 [main] org.apache.catalina.startup.Catalina.start Server startup in 1298 ms
07-Oct-2020 22:26:00.515 严重 [main] org.apache.catalina.core.StandardServer.await StandardServer.await: create[localhost:8005]: 
	java.net.BindException: Address already in use: bind
		at java.base/sun.nio.ch.Net.bind0(Native Method)
		at java.base/sun.nio.ch.Net.bind(Net.java:469)
		at java.base/sun.nio.ch.Net.bind(Net.java:458)
		at java.base/sun.nio.ch.NioSocketImpl.bind(NioSocketImpl.java:643)
		at java.base/java.net.ServerSocket.bind(ServerSocket.java:374)
		at java.base/java.net.ServerSocket.<init>(ServerSocket.java:260)
		at org.apache.catalina.core.StandardServer.await(StandardServer.java:421)
		at org.apache.catalina.startup.Catalina.await(Catalina.java:776)
		at org.apache.catalina.startup.Catalina.start(Catalina.java:722)
		at java.base/jdk.internal.reflect.NativeMethodAccessorImpl.invoke0(Native Method)
		at java.base/jdk.internal.reflect.NativeMethodAccessorImpl.invoke(NativeMethodAccessorImpl.java:62)
		at java.base/jdk.internal.reflect.DelegatingMethodAccessorImpl.invoke(DelegatingMethodAccessorImpl.java:43)
		at java.base/java.lang.reflect.Method.invoke(Method.java:567)
		at org.apache.catalina.startup.Bootstrap.start(Bootstrap.java:342)
		at org.apache.catalina.startup.Bootstrap.main(Bootstrap.java:473)
07-Oct-2020 22:26:00.516 信息 [main] org.apache.coyote.AbstractProtocol.pause 暂停ProtocolHandler["http-nio-8080"]
07-Oct-2020 22:26:00.517 信息 [main] org.apache.catalina.core.StandardService.stopInternal 正在停止服务[Catalina]
07-Oct-2020 22:26:00.546 信息 [main] org.apache.coyote.AbstractProtocol.stop 正在停止ProtocolHandler ["http-nio-8080"]
07-Oct-2020 22:26:00.546 信息 [main] org.apache.coyote.AbstractProtocol.destroy 正在摧毁协议处理器 ["http-nio-8080"]
07-Oct-2020 22:30:55.174 信息 [main] org.apache.catalina.startup.VersionLoggerListener.log Server.服务器版本: Apache Tomcat/8.5.58
07-Oct-2020 22:30:55.179 信息 [main] org.apache.catalina.startup.VersionLoggerListener.log 服务器构建:        Sep 10 2020 21:45:33 UTC
07-Oct-2020 22:30:55.180 信息 [main] org.apache.catalina.startup.VersionLoggerListener.log 服务器版本号(:     8.5.58.0
07-Oct-2020 22:30:55.180 信息 [main] org.apache.catalina.startup.VersionLoggerListener.log 操作系统名称:      Windows 10
07-Oct-2020 22:30:55.180 信息 [main] org.apache.catalina.startup.VersionLoggerListener.log OS.版本:           10.0
07-Oct-2020 22:30:55.181 信息 [main] org.apache.catalina.startup.VersionLoggerListener.log 架构:              amd64
07-Oct-2020 22:30:55.181 信息 [main] org.apache.catalina.startup.VersionLoggerListener.log Java 环境变量:     C:\Program Files\Java\jdk-13.0.1
07-Oct-2020 22:30:55.181 信息 [main] org.apache.catalina.startup.VersionLoggerListener.log Java虚拟机版本:    13.0.1+9
07-Oct-2020 22:30:55.182 信息 [main] org.apache.catalina.startup.VersionLoggerListener.log JVM.供应商:        Oracle Corporation
07-Oct-2020 22:30:55.182 信息 [main] org.apache.catalina.startup.VersionLoggerListener.log CATALINA_BASE:     D:\Zoe-Ding\NEU\CS_6200_Information_Retrieval\04_homework\hw1\indexingProject_zoe
07-Oct-2020 22:30:55.182 信息 [main] org.apache.catalina.startup.VersionLoggerListener.log CATALINA_HOME:     D:\Zoe-Ding\NEU\CS_6200_Information_Retrieval\04_homework\hw1\indexingProject_zoe
07-Oct-2020 22:30:55.183 信息 [main] org.apache.catalina.startup.VersionLoggerListener.log 命令行参数：--add-opens=java.base/java.lang=ALL-UNNAMED
07-Oct-2020 22:30:55.183 信息 [main] org.apache.catalina.startup.VersionLoggerListener.log 命令行参数：--add-opens=java.base/java.io=ALL-UNNAMED
07-Oct-2020 22:30:55.184 信息 [main] org.apache.catalina.startup.VersionLoggerListener.log 命令行参数：--add-opens=java.rmi/sun.rmi.transport=ALL-UNNAMED
07-Oct-2020 22:30:55.184 信息 [main] org.apache.catalina.startup.VersionLoggerListener.log 命令行参数：-Djava.util.logging.config.file=D:\Zoe-Ding\NEU\CS_6200_Information_Retrieval\04_homework\hw1\indexingProject_zoe\conf\logging.properties
07-Oct-2020 22:30:55.184 信息 [main] org.apache.catalina.startup.VersionLoggerListener.log 命令行参数：-Djava.util.logging.manager=org.apache.juli.ClassLoaderLogManager
07-Oct-2020 22:30:55.185 信息 [main] org.apache.catalina.startup.VersionLoggerListener.log 命令行参数：-Djdk.tls.ephemeralDHKeySize=2048
07-Oct-2020 22:30:55.185 信息 [main] org.apache.catalina.startup.VersionLoggerListener.log 命令行参数：-Djava.protocol.handler.pkgs=org.apache.catalina.webresources
07-Oct-2020 22:30:55.186 信息 [main] org.apache.catalina.startup.VersionLoggerListener.log 命令行参数：-Dignore.endorsed.dirs=
07-Oct-2020 22:30:55.187 信息 [main] org.apache.catalina.startup.VersionLoggerListener.log 命令行参数：-Dcatalina.base=D:\Zoe-Ding\NEU\CS_6200_Information_Retrieval\04_homework\hw1\indexingProject_zoe
07-Oct-2020 22:30:55.191 信息 [main] org.apache.catalina.startup.VersionLoggerListener.log 命令行参数：-Dcatalina.home=D:\Zoe-Ding\NEU\CS_6200_Information_Retrieval\04_homework\hw1\indexingProject_zoe
07-Oct-2020 22:30:55.193 信息 [main] org.apache.catalina.startup.VersionLoggerListener.log 命令行参数：-Djava.io.tmpdir=D:\Zoe-Ding\NEU\CS_6200_Information_Retrieval\04_homework\hw1\indexingProject_zoe\temp
07-Oct-2020 22:30:55.194 信息 [main] org.apache.catalina.core.AprLifecycleListener.lifecycleEvent 在java.library.path:[C:\Program Files\Java\jdk-13.0.1\bin;C:\WINDOWS\Sun\Java\bin;C:\WINDOWS\system32;C:\WINDOWS;C:\Python38\Scripts\;C:\Python38\;C:\app\Zoe_Ding\product\11.2.0\client_1;D:\installed_software\NetSarang\Xshell 6\;D:\installed_software\Python37\Scripts\;D:\installed_software\Python37\;C:\Program Files (x86)\Intel\Intel(R) Management Engine Components\iCLS\;C:\Program Files\Intel\Intel(R) Management Engine Components\iCLS\;C:\Windows\system32;C:\Windows;C:\Windows\System32\Wbem;C:\Windows\System32\WindowsPowerShell\v1.0\;C:\Windows\System32\OpenSSH\;C:\Program Files (x86)\Intel\Intel(R) Management Engine Components\DAL;C:\Program Files\Intel\Intel(R) Management Engine Components\DAL;C:\Program Files (x86)\Intel\Intel(R) Management Engine Components\IPT;C:\Program Files\Intel\Intel(R) Management Engine Components\IPT;C:\Program Files (x86)\NVIDIA Corporation\PhysX\Common;D:\installed_software\TortoiseSVN\bin;C:\Program Files\Java\jdk-13.0.1\bin;C:\WINDOWS\system32;C:\WINDOWS;C:\WINDOWS\System32\Wbem;C:\WINDOWS\System32\WindowsPowerShell\v1.0\;C:\WINDOWS\System32\OpenSSH\;D:\Zoe-Ding\CS\flutter\bin;C:\Program Files (x86)\CodeBlocks\MinGW\bin;C:\ProgramData\chocolatey\bin;C:\tools\dart-sdk\bin;C:\Program Files\Git\cmd;C:\Program Files\nodejs\;C:\Program Files\Microsoft SQL Server\120\Tools\Binn\;C:\Users\Zoe Ding\AppData\Local\Android\Sdk\platform-tools;C:\cygwin64;C:\Users\Zoe Ding\AppData\Local\Microsoft\WindowsApps;D:\Zoe-Ding\CS\flutter\bin;C:\tools\dart-sdk\bin;C:\Users\Zoe Ding\AppData\Roaming\Pub\Cache\bin;C:\Users\Zoe Ding\AppData\Roaming\npm;C:\Users\Zoe Ding\CLion 2020.2.1\bin;;.]上找不到基于APR的Apache Tomcat本机库，该库允许在生产环境中获得最佳性能
07-Oct-2020 22:30:55.241 信息 [main] org.apache.coyote.AbstractProtocol.init 初始化协议处理器 ["http-nio-8080"]
07-Oct-2020 22:30:55.259 严重 [main] org.apache.catalina.core.StandardService.initInternal Failed to initialize connector [Connector[HTTP/1.1-8080]]
	org.apache.catalina.LifecycleException: 协议处理程序初始化失败
		at org.apache.catalina.connector.Connector.initInternal(Connector.java:1077)
		at org.apache.catalina.util.LifecycleBase.init(LifecycleBase.java:136)
		at org.apache.catalina.core.StandardService.initInternal(StandardService.java:552)
		at org.apache.catalina.util.LifecycleBase.init(LifecycleBase.java:136)
		at org.apache.catalina.core.StandardServer.initInternal(StandardServer.java:848)
		at org.apache.catalina.util.LifecycleBase.init(LifecycleBase.java:136)
		at org.apache.catalina.startup.Catalina.load(Catalina.java:639)
		at org.apache.catalina.startup.Catalina.load(Catalina.java:662)
		at java.base/jdk.internal.reflect.NativeMethodAccessorImpl.invoke0(Native Method)
		at java.base/jdk.internal.reflect.NativeMethodAccessorImpl.invoke(NativeMethodAccessorImpl.java:62)
		at java.base/jdk.internal.reflect.DelegatingMethodAccessorImpl.invoke(DelegatingMethodAccessorImpl.java:43)
		at java.base/java.lang.reflect.Method.invoke(Method.java:567)
		at org.apache.catalina.startup.Bootstrap.load(Bootstrap.java:302)
		at org.apache.catalina.startup.Bootstrap.main(Bootstrap.java:472)
	Caused by: java.net.BindException: Address already in use: bind
		at java.base/sun.nio.ch.Net.bind0(Native Method)
		at java.base/sun.nio.ch.Net.bind(Net.java:469)
		at java.base/sun.nio.ch.Net.bind(Net.java:458)
		at java.base/sun.nio.ch.ServerSocketChannelImpl.bind(ServerSocketChannelImpl.java:220)
		at java.base/sun.nio.ch.ServerSocketAdaptor.bind(ServerSocketAdaptor.java:88)
		at org.apache.tomcat.util.net.NioEndpoint.bind(NioEndpoint.java:221)
		at org.apache.tomcat.util.net.AbstractEndpoint.init(AbstractEndpoint.java:1118)
		at org.apache.tomcat.util.net.AbstractJsseEndpoint.init(AbstractJsseEndpoint.java:222)
		at org.apache.coyote.AbstractProtocol.init(AbstractProtocol.java:587)
		at org.apache.coyote.http11.AbstractHttp11Protocol.init(AbstractHttp11Protocol.java:75)
		at org.apache.catalina.connector.Connector.initInternal(Connector.java:1075)
		... 13 more
07-Oct-2020 22:30:55.263 信息 [main] org.apache.catalina.startup.Catalina.load Initialization processed in 586 ms
07-Oct-2020 22:30:55.303 信息 [main] org.apache.catalina.core.StandardService.startInternal 正在启动服务[Catalina]
07-Oct-2020 22:30:55.303 信息 [main] org.apache.catalina.core.StandardEngine.startInternal Starting Servlet Engine: Apache Tomcat/8.5.58
07-Oct-2020 22:30:55.974 警告 [localhost-startStop-1] org.apache.catalina.util.SessionIdGeneratorBase.createSecureRandom 使用[SHA1PRNG]创建会话ID生成的SecureRandom实例花费了[362]毫秒。
07-Oct-2020 22:30:55.995 信息 [localhost-startStop-1] org.apache.catalina.startup.HostConfig.deployDirectory 把web 应用程序部署到目录 [D:\Zoe-Ding\NEU\CS_6200_Information_Retrieval\04_homework\hw1\indexingProject_zoe\webapps\docs]
07-Oct-2020 22:30:56.026 信息 [localhost-startStop-1] org.apache.catalina.startup.HostConfig.deployDirectory Web应用程序目录[D:\Zoe-Ding\NEU\CS_6200_Information_Retrieval\04_homework\hw1\indexingProject_zoe\webapps\docs]的部署已在[31]毫秒内完成
07-Oct-2020 22:30:56.027 信息 [localhost-startStop-1] org.apache.catalina.startup.HostConfig.deployDirectory 把web 应用程序部署到目录 [D:\Zoe-Ding\NEU\CS_6200_Information_Retrieval\04_homework\hw1\indexingProject_zoe\webapps\examples]
07-Oct-2020 22:30:56.459 信息 [localhost-startStop-1] org.apache.catalina.startup.HostConfig.deployDirectory Web应用程序目录[D:\Zoe-Ding\NEU\CS_6200_Information_Retrieval\04_homework\hw1\indexingProject_zoe\webapps\examples]的部署已在[432]毫秒内完成
07-Oct-2020 22:30:56.459 信息 [localhost-startStop-1] org.apache.catalina.startup.HostConfig.deployDirectory 把web 应用程序部署到目录 [D:\Zoe-Ding\NEU\CS_6200_Information_Retrieval\04_homework\hw1\indexingProject_zoe\webapps\host-manager]
07-Oct-2020 22:30:56.507 信息 [localhost-startStop-1] org.apache.catalina.startup.HostConfig.deployDirectory Web应用程序目录[D:\Zoe-Ding\NEU\CS_6200_Information_Retrieval\04_homework\hw1\indexingProject_zoe\webapps\host-manager]的部署已在[48]毫秒内完成
07-Oct-2020 22:30:56.508 信息 [localhost-startStop-1] org.apache.catalina.startup.HostConfig.deployDirectory 把web 应用程序部署到目录 [D:\Zoe-Ding\NEU\CS_6200_Information_Retrieval\04_homework\hw1\indexingProject_zoe\webapps\manager]
07-Oct-2020 22:30:56.550 信息 [localhost-startStop-1] org.apache.catalina.startup.HostConfig.deployDirectory Web应用程序目录[D:\Zoe-Ding\NEU\CS_6200_Information_Retrieval\04_homework\hw1\indexingProject_zoe\webapps\manager]的部署已在[42]毫秒内完成
07-Oct-2020 22:30:56.550 信息 [localhost-startStop-1] org.apache.catalina.startup.HostConfig.deployDirectory 把web 应用程序部署到目录 [D:\Zoe-Ding\NEU\CS_6200_Information_Retrieval\04_homework\hw1\indexingProject_zoe\webapps\ROOT]
07-Oct-2020 22:30:56.582 信息 [localhost-startStop-1] org.apache.catalina.startup.HostConfig.deployDirectory Web应用程序目录[D:\Zoe-Ding\NEU\CS_6200_Information_Retrieval\04_homework\hw1\indexingProject_zoe\webapps\ROOT]的部署已在[32]毫秒内完成
07-Oct-2020 22:30:56.588 信息 [main] org.apache.catalina.startup.Catalina.start Server startup in 1322 ms
07-Oct-2020 22:30:56.596 严重 [main] org.apache.catalina.core.StandardServer.await StandardServer.await: create[localhost:8005]: 
	java.net.BindException: Address already in use: bind
		at java.base/sun.nio.ch.Net.bind0(Native Method)
		at java.base/sun.nio.ch.Net.bind(Net.java:469)
		at java.base/sun.nio.ch.Net.bind(Net.java:458)
		at java.base/sun.nio.ch.NioSocketImpl.bind(NioSocketImpl.java:643)
		at java.base/java.net.ServerSocket.bind(ServerSocket.java:374)
		at java.base/java.net.ServerSocket.<init>(ServerSocket.java:260)
		at org.apache.catalina.core.StandardServer.await(StandardServer.java:421)
		at org.apache.catalina.startup.Catalina.await(Catalina.java:776)
		at org.apache.catalina.startup.Catalina.start(Catalina.java:722)
		at java.base/jdk.internal.reflect.NativeMethodAccessorImpl.invoke0(Native Method)
		at java.base/jdk.internal.reflect.NativeMethodAccessorImpl.invoke(NativeMethodAccessorImpl.java:62)
		at java.base/jdk.internal.reflect.DelegatingMethodAccessorImpl.invoke(DelegatingMethodAccessorImpl.java:43)
		at java.base/java.lang.reflect.Method.invoke(Method.java:567)
		at org.apache.catalina.startup.Bootstrap.start(Bootstrap.java:342)
		at org.apache.catalina.startup.Bootstrap.main(Bootstrap.java:473)
07-Oct-2020 22:30:56.597 信息 [main] org.apache.coyote.AbstractProtocol.pause 暂停ProtocolHandler["http-nio-8080"]
07-Oct-2020 22:30:56.597 信息 [main] org.apache.catalina.core.StandardService.stopInternal 正在停止服务[Catalina]
07-Oct-2020 22:30:56.625 信息 [main] org.apache.coyote.AbstractProtocol.stop 正在停止ProtocolHandler ["http-nio-8080"]
07-Oct-2020 22:30:56.625 信息 [main] org.apache.coyote.AbstractProtocol.destroy 正在摧毁协议处理器 ["http-nio-8080"]
07-Oct-2020 22:33:18.380 信息 [main] org.apache.catalina.startup.VersionLoggerListener.log Server.服务器版本: Apache Tomcat/8.5.58
07-Oct-2020 22:33:18.384 信息 [main] org.apache.catalina.startup.VersionLoggerListener.log 服务器构建:        Sep 10 2020 21:45:33 UTC
07-Oct-2020 22:33:18.384 信息 [main] org.apache.catalina.startup.VersionLoggerListener.log 服务器版本号(:     8.5.58.0
07-Oct-2020 22:33:18.385 信息 [main] org.apache.catalina.startup.VersionLoggerListener.log 操作系统名称:      Windows 10
07-Oct-2020 22:33:18.385 信息 [main] org.apache.catalina.startup.VersionLoggerListener.log OS.版本:           10.0
07-Oct-2020 22:33:18.385 信息 [main] org.apache.catalina.startup.VersionLoggerListener.log 架构:              amd64
07-Oct-2020 22:33:18.386 信息 [main] org.apache.catalina.startup.VersionLoggerListener.log Java 环境变量:     C:\Program Files\Java\jdk-13.0.1
07-Oct-2020 22:33:18.386 信息 [main] org.apache.catalina.startup.VersionLoggerListener.log Java虚拟机版本:    13.0.1+9
07-Oct-2020 22:33:18.386 信息 [main] org.apache.catalina.startup.VersionLoggerListener.log JVM.供应商:        Oracle Corporation
07-Oct-2020 22:33:18.387 信息 [main] org.apache.catalina.startup.VersionLoggerListener.log CATALINA_BASE:     D:\Zoe-Ding\NEU\CS_6200_Information_Retrieval\04_homework\hw1\indexingProject_zoe
07-Oct-2020 22:33:18.387 信息 [main] org.apache.catalina.startup.VersionLoggerListener.log CATALINA_HOME:     D:\Zoe-Ding\NEU\CS_6200_Information_Retrieval\04_homework\hw1\indexingProject_zoe
07-Oct-2020 22:33:18.387 信息 [main] org.apache.catalina.startup.VersionLoggerListener.log 命令行参数：--add-opens=java.base/java.lang=ALL-UNNAMED
07-Oct-2020 22:33:18.388 信息 [main] org.apache.catalina.startup.VersionLoggerListener.log 命令行参数：--add-opens=java.base/java.io=ALL-UNNAMED
07-Oct-2020 22:33:18.388 信息 [main] org.apache.catalina.startup.VersionLoggerListener.log 命令行参数：--add-opens=java.rmi/sun.rmi.transport=ALL-UNNAMED
07-Oct-2020 22:33:18.388 信息 [main] org.apache.catalina.startup.VersionLoggerListener.log 命令行参数：-Djava.util.logging.config.file=D:\Zoe-Ding\NEU\CS_6200_Information_Retrieval\04_homework\hw1\indexingProject_zoe\conf\logging.properties
07-Oct-2020 22:33:18.389 信息 [main] org.apache.catalina.startup.VersionLoggerListener.log 命令行参数：-Djava.util.logging.manager=org.apache.juli.ClassLoaderLogManager
07-Oct-2020 22:33:18.389 信息 [main] org.apache.catalina.startup.VersionLoggerListener.log 命令行参数：-Djdk.tls.ephemeralDHKeySize=2048
07-Oct-2020 22:33:18.390 信息 [main] org.apache.catalina.startup.VersionLoggerListener.log 命令行参数：-Djava.protocol.handler.pkgs=org.apache.catalina.webresources
07-Oct-2020 22:33:18.390 信息 [main] org.apache.catalina.startup.VersionLoggerListener.log 命令行参数：-Dignore.endorsed.dirs=
07-Oct-2020 22:33:18.391 信息 [main] org.apache.catalina.startup.VersionLoggerListener.log 命令行参数：-Dcatalina.base=D:\Zoe-Ding\NEU\CS_6200_Information_Retrieval\04_homework\hw1\indexingProject_zoe
07-Oct-2020 22:33:18.391 信息 [main] org.apache.catalina.startup.VersionLoggerListener.log 命令行参数：-Dcatalina.home=D:\Zoe-Ding\NEU\CS_6200_Information_Retrieval\04_homework\hw1\indexingProject_zoe
07-Oct-2020 22:33:18.392 信息 [main] org.apache.catalina.startup.VersionLoggerListener.log 命令行参数：-Djava.io.tmpdir=D:\Zoe-Ding\NEU\CS_6200_Information_Retrieval\04_homework\hw1\indexingProject_zoe\temp
07-Oct-2020 22:33:18.392 信息 [main] org.apache.catalina.core.AprLifecycleListener.lifecycleEvent 在java.library.path:[C:\Program Files\Java\jdk-13.0.1\bin;C:\WINDOWS\Sun\Java\bin;C:\WINDOWS\system32;C:\WINDOWS;C:\Python38\Scripts\;C:\Python38\;C:\app\Zoe_Ding\product\11.2.0\client_1;D:\installed_software\NetSarang\Xshell 6\;D:\installed_software\Python37\Scripts\;D:\installed_software\Python37\;C:\Program Files (x86)\Intel\Intel(R) Management Engine Components\iCLS\;C:\Program Files\Intel\Intel(R) Management Engine Components\iCLS\;C:\Windows\system32;C:\Windows;C:\Windows\System32\Wbem;C:\Windows\System32\WindowsPowerShell\v1.0\;C:\Windows\System32\OpenSSH\;C:\Program Files (x86)\Intel\Intel(R) Management Engine Components\DAL;C:\Program Files\Intel\Intel(R) Management Engine Components\DAL;C:\Program Files (x86)\Intel\Intel(R) Management Engine Components\IPT;C:\Program Files\Intel\Intel(R) Management Engine Components\IPT;C:\Program Files (x86)\NVIDIA Corporation\PhysX\Common;D:\installed_software\TortoiseSVN\bin;C:\Program Files\Java\jdk-13.0.1\bin;C:\WINDOWS\system32;C:\WINDOWS;C:\WINDOWS\System32\Wbem;C:\WINDOWS\System32\WindowsPowerShell\v1.0\;C:\WINDOWS\System32\OpenSSH\;D:\Zoe-Ding\CS\flutter\bin;C:\Program Files (x86)\CodeBlocks\MinGW\bin;C:\ProgramData\chocolatey\bin;C:\tools\dart-sdk\bin;C:\Program Files\Git\cmd;C:\Program Files\nodejs\;C:\Program Files\Microsoft SQL Server\120\Tools\Binn\;C:\Users\Zoe Ding\AppData\Local\Android\Sdk\platform-tools;C:\cygwin64;C:\Users\Zoe Ding\AppData\Local\Microsoft\WindowsApps;D:\Zoe-Ding\CS\flutter\bin;C:\tools\dart-sdk\bin;C:\Users\Zoe Ding\AppData\Roaming\Pub\Cache\bin;C:\Users\Zoe Ding\AppData\Roaming\npm;C:\Users\Zoe Ding\CLion 2020.2.1\bin;;.]上找不到基于APR的Apache Tomcat本机库，该库允许在生产环境中获得最佳性能
07-Oct-2020 22:33:18.456 信息 [main] org.apache.coyote.AbstractProtocol.init 初始化协议处理器 ["http-nio-8080"]
07-Oct-2020 22:33:18.473 严重 [main] org.apache.catalina.core.StandardService.initInternal Failed to initialize connector [Connector[HTTP/1.1-8080]]
	org.apache.catalina.LifecycleException: 协议处理程序初始化失败
		at org.apache.catalina.connector.Connector.initInternal(Connector.java:1077)
		at org.apache.catalina.util.LifecycleBase.init(LifecycleBase.java:136)
		at org.apache.catalina.core.StandardService.initInternal(StandardService.java:552)
		at org.apache.catalina.util.LifecycleBase.init(LifecycleBase.java:136)
		at org.apache.catalina.core.StandardServer.initInternal(StandardServer.java:848)
		at org.apache.catalina.util.LifecycleBase.init(LifecycleBase.java:136)
		at org.apache.catalina.startup.Catalina.load(Catalina.java:639)
		at org.apache.catalina.startup.Catalina.load(Catalina.java:662)
		at java.base/jdk.internal.reflect.NativeMethodAccessorImpl.invoke0(Native Method)
		at java.base/jdk.internal.reflect.NativeMethodAccessorImpl.invoke(NativeMethodAccessorImpl.java:62)
		at java.base/jdk.internal.reflect.DelegatingMethodAccessorImpl.invoke(DelegatingMethodAccessorImpl.java:43)
		at java.base/java.lang.reflect.Method.invoke(Method.java:567)
		at org.apache.catalina.startup.Bootstrap.load(Bootstrap.java:302)
		at org.apache.catalina.startup.Bootstrap.main(Bootstrap.java:472)
	Caused by: java.net.BindException: Address already in use: bind
		at java.base/sun.nio.ch.Net.bind0(Native Method)
		at java.base/sun.nio.ch.Net.bind(Net.java:469)
		at java.base/sun.nio.ch.Net.bind(Net.java:458)
		at java.base/sun.nio.ch.ServerSocketChannelImpl.bind(ServerSocketChannelImpl.java:220)
		at java.base/sun.nio.ch.ServerSocketAdaptor.bind(ServerSocketAdaptor.java:88)
		at org.apache.tomcat.util.net.NioEndpoint.bind(NioEndpoint.java:221)
		at org.apache.tomcat.util.net.AbstractEndpoint.init(AbstractEndpoint.java:1118)
		at org.apache.tomcat.util.net.AbstractJsseEndpoint.init(AbstractJsseEndpoint.java:222)
		at org.apache.coyote.AbstractProtocol.init(AbstractProtocol.java:587)
		at org.apache.coyote.http11.AbstractHttp11Protocol.init(AbstractHttp11Protocol.java:75)
		at org.apache.catalina.connector.Connector.initInternal(Connector.java:1075)
		... 13 more
07-Oct-2020 22:33:18.476 信息 [main] org.apache.catalina.startup.Catalina.load Initialization processed in 580 ms
07-Oct-2020 22:33:18.520 信息 [main] org.apache.catalina.core.StandardService.startInternal 正在启动服务[Catalina]
07-Oct-2020 22:33:18.521 信息 [main] org.apache.catalina.core.StandardEngine.startInternal Starting Servlet Engine: Apache Tomcat/8.5.58
07-Oct-2020 22:33:18.535 信息 [localhost-startStop-1] org.apache.catalina.startup.HostConfig.deployDirectory 把web 应用程序部署到目录 [D:\Zoe-Ding\NEU\CS_6200_Information_Retrieval\04_homework\hw1\indexingProject_zoe\webapps\docs]
07-Oct-2020 22:33:19.169 警告 [localhost-startStop-1] org.apache.catalina.util.SessionIdGeneratorBase.createSecureRandom 使用[SHA1PRNG]创建会话ID生成的SecureRandom实例花费了[381]毫秒。
07-Oct-2020 22:33:19.189 信息 [localhost-startStop-1] org.apache.catalina.startup.HostConfig.deployDirectory Web应用程序目录[D:\Zoe-Ding\NEU\CS_6200_Information_Retrieval\04_homework\hw1\indexingProject_zoe\webapps\docs]的部署已在[653]毫秒内完成
07-Oct-2020 22:33:19.189 信息 [localhost-startStop-1] org.apache.catalina.startup.HostConfig.deployDirectory 把web 应用程序部署到目录 [D:\Zoe-Ding\NEU\CS_6200_Information_Retrieval\04_homework\hw1\indexingProject_zoe\webapps\examples]
07-Oct-2020 22:33:19.678 信息 [localhost-startStop-1] org.apache.catalina.startup.HostConfig.deployDirectory Web应用程序目录[D:\Zoe-Ding\NEU\CS_6200_Information_Retrieval\04_homework\hw1\indexingProject_zoe\webapps\examples]的部署已在[489]毫秒内完成
07-Oct-2020 22:33:19.679 信息 [localhost-startStop-1] org.apache.catalina.startup.HostConfig.deployDirectory 把web 应用程序部署到目录 [D:\Zoe-Ding\NEU\CS_6200_Information_Retrieval\04_homework\hw1\indexingProject_zoe\webapps\host-manager]
07-Oct-2020 22:33:19.724 信息 [localhost-startStop-1] org.apache.catalina.startup.HostConfig.deployDirectory Web应用程序目录[D:\Zoe-Ding\NEU\CS_6200_Information_Retrieval\04_homework\hw1\indexingProject_zoe\webapps\host-manager]的部署已在[45]毫秒内完成
07-Oct-2020 22:33:19.725 信息 [localhost-startStop-1] org.apache.catalina.startup.HostConfig.deployDirectory 把web 应用程序部署到目录 [D:\Zoe-Ding\NEU\CS_6200_Information_Retrieval\04_homework\hw1\indexingProject_zoe\webapps\manager]
07-Oct-2020 22:33:19.767 信息 [localhost-startStop-1] org.apache.catalina.startup.HostConfig.deployDirectory Web应用程序目录[D:\Zoe-Ding\NEU\CS_6200_Information_Retrieval\04_homework\hw1\indexingProject_zoe\webapps\manager]的部署已在[42]毫秒内完成
07-Oct-2020 22:33:19.768 信息 [localhost-startStop-1] org.apache.catalina.startup.HostConfig.deployDirectory 把web 应用程序部署到目录 [D:\Zoe-Ding\NEU\CS_6200_Information_Retrieval\04_homework\hw1\indexingProject_zoe\webapps\ROOT]
07-Oct-2020 22:33:19.800 信息 [localhost-startStop-1] org.apache.catalina.startup.HostConfig.deployDirectory Web应用程序目录[D:\Zoe-Ding\NEU\CS_6200_Information_Retrieval\04_homework\hw1\indexingProject_zoe\webapps\ROOT]的部署已在[32]毫秒内完成
07-Oct-2020 22:33:19.805 信息 [main] org.apache.catalina.startup.Catalina.start Server startup in 1326 ms
07-Oct-2020 22:33:19.812 严重 [main] org.apache.catalina.core.StandardServer.await StandardServer.await: create[localhost:8005]: 
	java.net.BindException: Address already in use: bind
		at java.base/sun.nio.ch.Net.bind0(Native Method)
		at java.base/sun.nio.ch.Net.bind(Net.java:469)
		at java.base/sun.nio.ch.Net.bind(Net.java:458)
		at java.base/sun.nio.ch.NioSocketImpl.bind(NioSocketImpl.java:643)
		at java.base/java.net.ServerSocket.bind(ServerSocket.java:374)
		at java.base/java.net.ServerSocket.<init>(ServerSocket.java:260)
		at org.apache.catalina.core.StandardServer.await(StandardServer.java:421)
		at org.apache.catalina.startup.Catalina.await(Catalina.java:776)
		at org.apache.catalina.startup.Catalina.start(Catalina.java:722)
		at java.base/jdk.internal.reflect.NativeMethodAccessorImpl.invoke0(Native Method)
		at java.base/jdk.internal.reflect.NativeMethodAccessorImpl.invoke(NativeMethodAccessorImpl.java:62)
		at java.base/jdk.internal.reflect.DelegatingMethodAccessorImpl.invoke(DelegatingMethodAccessorImpl.java:43)
		at java.base/java.lang.reflect.Method.invoke(Method.java:567)
		at org.apache.catalina.startup.Bootstrap.start(Bootstrap.java:342)
		at org.apache.catalina.startup.Bootstrap.main(Bootstrap.java:473)
07-Oct-2020 22:33:19.812 信息 [main] org.apache.coyote.AbstractProtocol.pause 暂停ProtocolHandler["http-nio-8080"]
07-Oct-2020 22:33:19.813 信息 [main] org.apache.catalina.core.StandardService.stopInternal 正在停止服务[Catalina]
07-Oct-2020 22:33:19.837 信息 [main] org.apache.coyote.AbstractProtocol.stop 正在停止ProtocolHandler ["http-nio-8080"]
07-Oct-2020 22:33:19.837 信息 [main] org.apache.coyote.AbstractProtocol.destroy 正在摧毁协议处理器 ["http-nio-8080"]
07-Oct-2020 22:36:22.847 信息 [main] org.apache.catalina.startup.VersionLoggerListener.log Server.服务器版本: Apache Tomcat/8.5.58
07-Oct-2020 22:36:22.852 信息 [main] org.apache.catalina.startup.VersionLoggerListener.log 服务器构建:        Sep 10 2020 21:45:33 UTC
07-Oct-2020 22:36:22.852 信息 [main] org.apache.catalina.startup.VersionLoggerListener.log 服务器版本号(:     8.5.58.0
07-Oct-2020 22:36:22.853 信息 [main] org.apache.catalina.startup.VersionLoggerListener.log 操作系统名称:      Windows 10
07-Oct-2020 22:36:22.853 信息 [main] org.apache.catalina.startup.VersionLoggerListener.log OS.版本:           10.0
07-Oct-2020 22:36:22.853 信息 [main] org.apache.catalina.startup.VersionLoggerListener.log 架构:              amd64
07-Oct-2020 22:36:22.854 信息 [main] org.apache.catalina.startup.VersionLoggerListener.log Java 环境变量:     C:\Program Files\Java\jdk-13.0.1
07-Oct-2020 22:36:22.854 信息 [main] org.apache.catalina.startup.VersionLoggerListener.log Java虚拟机版本:    13.0.1+9
07-Oct-2020 22:36:22.854 信息 [main] org.apache.catalina.startup.VersionLoggerListener.log JVM.供应商:        Oracle Corporation
07-Oct-2020 22:36:22.855 信息 [main] org.apache.catalina.startup.VersionLoggerListener.log CATALINA_BASE:     D:\Zoe-Ding\NEU\CS_6200_Information_Retrieval\04_homework\hw1\indexingProject_zoe
07-Oct-2020 22:36:22.855 信息 [main] org.apache.catalina.startup.VersionLoggerListener.log CATALINA_HOME:     D:\Zoe-Ding\NEU\CS_6200_Information_Retrieval\04_homework\hw1\indexingProject_zoe
07-Oct-2020 22:36:22.856 信息 [main] org.apache.catalina.startup.VersionLoggerListener.log 命令行参数：--add-opens=java.base/java.lang=ALL-UNNAMED
07-Oct-2020 22:36:22.856 信息 [main] org.apache.catalina.startup.VersionLoggerListener.log 命令行参数：--add-opens=java.base/java.io=ALL-UNNAMED
07-Oct-2020 22:36:22.856 信息 [main] org.apache.catalina.startup.VersionLoggerListener.log 命令行参数：--add-opens=java.rmi/sun.rmi.transport=ALL-UNNAMED
07-Oct-2020 22:36:22.856 信息 [main] org.apache.catalina.startup.VersionLoggerListener.log 命令行参数：-Djava.util.logging.config.file=D:\Zoe-Ding\NEU\CS_6200_Information_Retrieval\04_homework\hw1\indexingProject_zoe\conf\logging.properties
07-Oct-2020 22:36:22.857 信息 [main] org.apache.catalina.startup.VersionLoggerListener.log 命令行参数：-Djava.util.logging.manager=org.apache.juli.ClassLoaderLogManager
07-Oct-2020 22:36:22.857 信息 [main] org.apache.catalina.startup.VersionLoggerListener.log 命令行参数：-Djdk.tls.ephemeralDHKeySize=2048
07-Oct-2020 22:36:22.858 信息 [main] org.apache.catalina.startup.VersionLoggerListener.log 命令行参数：-Djava.protocol.handler.pkgs=org.apache.catalina.webresources
07-Oct-2020 22:36:22.859 信息 [main] org.apache.catalina.startup.VersionLoggerListener.log 命令行参数：-Dignore.endorsed.dirs=
07-Oct-2020 22:36:22.859 信息 [main] org.apache.catalina.startup.VersionLoggerListener.log 命令行参数：-Dcatalina.base=D:\Zoe-Ding\NEU\CS_6200_Information_Retrieval\04_homework\hw1\indexingProject_zoe
07-Oct-2020 22:36:22.860 信息 [main] org.apache.catalina.startup.VersionLoggerListener.log 命令行参数：-Dcatalina.home=D:\Zoe-Ding\NEU\CS_6200_Information_Retrieval\04_homework\hw1\indexingProject_zoe
07-Oct-2020 22:36:22.860 信息 [main] org.apache.catalina.startup.VersionLoggerListener.log 命令行参数：-Djava.io.tmpdir=D:\Zoe-Ding\NEU\CS_6200_Information_Retrieval\04_homework\hw1\indexingProject_zoe\temp
07-Oct-2020 22:36:22.861 信息 [main] org.apache.catalina.core.AprLifecycleListener.lifecycleEvent 在java.library.path:[C:\Program Files\Java\jdk-13.0.1\bin;C:\WINDOWS\Sun\Java\bin;C:\WINDOWS\system32;C:\WINDOWS;C:\Python38\Scripts\;C:\Python38\;C:\app\Zoe_Ding\product\11.2.0\client_1;D:\installed_software\NetSarang\Xshell 6\;D:\installed_software\Python37\Scripts\;D:\installed_software\Python37\;C:\Program Files (x86)\Intel\Intel(R) Management Engine Components\iCLS\;C:\Program Files\Intel\Intel(R) Management Engine Components\iCLS\;C:\Windows\system32;C:\Windows;C:\Windows\System32\Wbem;C:\Windows\System32\WindowsPowerShell\v1.0\;C:\Windows\System32\OpenSSH\;C:\Program Files (x86)\Intel\Intel(R) Management Engine Components\DAL;C:\Program Files\Intel\Intel(R) Management Engine Components\DAL;C:\Program Files (x86)\Intel\Intel(R) Management Engine Components\IPT;C:\Program Files\Intel\Intel(R) Management Engine Components\IPT;C:\Program Files (x86)\NVIDIA Corporation\PhysX\Common;D:\installed_software\TortoiseSVN\bin;C:\Program Files\Java\jdk-13.0.1\bin;C:\WINDOWS\system32;C:\WINDOWS;C:\WINDOWS\System32\Wbem;C:\WINDOWS\System32\WindowsPowerShell\v1.0\;C:\WINDOWS\System32\OpenSSH\;D:\Zoe-Ding\CS\flutter\bin;C:\Program Files (x86)\CodeBlocks\MinGW\bin;C:\ProgramData\chocolatey\bin;C:\tools\dart-sdk\bin;C:\Program Files\Git\cmd;C:\Program Files\nodejs\;C:\Program Files\Microsoft SQL Server\120\Tools\Binn\;C:\Users\Zoe Ding\AppData\Local\Android\Sdk\platform-tools;C:\cygwin64;C:\Users\Zoe Ding\AppData\Local\Microsoft\WindowsApps;D:\Zoe-Ding\CS\flutter\bin;C:\tools\dart-sdk\bin;C:\Users\Zoe Ding\AppData\Roaming\Pub\Cache\bin;C:\Users\Zoe Ding\AppData\Roaming\npm;C:\Users\Zoe Ding\CLion 2020.2.1\bin;;.]上找不到基于APR的Apache Tomcat本机库，该库允许在生产环境中获得最佳性能
07-Oct-2020 22:36:22.922 信息 [main] org.apache.coyote.AbstractProtocol.init 初始化协议处理器 ["http-nio-8080"]
07-Oct-2020 22:36:23.660 信息 [main] org.apache.tomcat.util.net.NioSelectorPool.getSharedSelector Using a shared selector for servlet write/read
07-Oct-2020 22:36:23.674 信息 [main] org.apache.catalina.startup.Catalina.load Initialization processed in 1303 ms
07-Oct-2020 22:36:23.715 信息 [main] org.apache.catalina.core.StandardService.startInternal 正在启动服务[Catalina]
07-Oct-2020 22:36:23.715 信息 [main] org.apache.catalina.core.StandardEngine.startInternal Starting Servlet Engine: Apache Tomcat/8.5.58
07-Oct-2020 22:36:23.731 信息 [localhost-startStop-1] org.apache.catalina.startup.HostConfig.deployDirectory 把web 应用程序部署到目录 [D:\Zoe-Ding\NEU\CS_6200_Information_Retrieval\04_homework\hw1\indexingProject_zoe\webapps\docs]
07-Oct-2020 22:36:24.302 警告 [localhost-startStop-1] org.apache.catalina.util.SessionIdGeneratorBase.createSecureRandom 使用[SHA1PRNG]创建会话ID生成的SecureRandom实例花费了[332]毫秒。
07-Oct-2020 22:36:24.323 信息 [localhost-startStop-1] org.apache.catalina.startup.HostConfig.deployDirectory Web应用程序目录[D:\Zoe-Ding\NEU\CS_6200_Information_Retrieval\04_homework\hw1\indexingProject_zoe\webapps\docs]的部署已在[591]毫秒内完成
07-Oct-2020 22:36:24.324 信息 [localhost-startStop-1] org.apache.catalina.startup.HostConfig.deployDirectory 把web 应用程序部署到目录 [D:\Zoe-Ding\NEU\CS_6200_Information_Retrieval\04_homework\hw1\indexingProject_zoe\webapps\examples]
07-Oct-2020 22:36:24.815 信息 [localhost-startStop-1] org.apache.catalina.startup.HostConfig.deployDirectory Web应用程序目录[D:\Zoe-Ding\NEU\CS_6200_Information_Retrieval\04_homework\hw1\indexingProject_zoe\webapps\examples]的部署已在[491]毫秒内完成
07-Oct-2020 22:36:24.815 信息 [localhost-startStop-1] org.apache.catalina.startup.HostConfig.deployDirectory 把web 应用程序部署到目录 [D:\Zoe-Ding\NEU\CS_6200_Information_Retrieval\04_homework\hw1\indexingProject_zoe\webapps\host-manager]
07-Oct-2020 22:36:24.857 信息 [localhost-startStop-1] org.apache.catalina.startup.HostConfig.deployDirectory Web应用程序目录[D:\Zoe-Ding\NEU\CS_6200_Information_Retrieval\04_homework\hw1\indexingProject_zoe\webapps\host-manager]的部署已在[42]毫秒内完成
07-Oct-2020 22:36:24.857 信息 [localhost-startStop-1] org.apache.catalina.startup.HostConfig.deployDirectory 把web 应用程序部署到目录 [D:\Zoe-Ding\NEU\CS_6200_Information_Retrieval\04_homework\hw1\indexingProject_zoe\webapps\manager]
07-Oct-2020 22:36:24.902 信息 [localhost-startStop-1] org.apache.catalina.startup.HostConfig.deployDirectory Web应用程序目录[D:\Zoe-Ding\NEU\CS_6200_Information_Retrieval\04_homework\hw1\indexingProject_zoe\webapps\manager]的部署已在[45]毫秒内完成
07-Oct-2020 22:36:24.902 信息 [localhost-startStop-1] org.apache.catalina.startup.HostConfig.deployDirectory 把web 应用程序部署到目录 [D:\Zoe-Ding\NEU\CS_6200_Information_Retrieval\04_homework\hw1\indexingProject_zoe\webapps\ROOT]
07-Oct-2020 22:36:24.943 信息 [localhost-startStop-1] org.apache.catalina.startup.HostConfig.deployDirectory Web应用程序目录[D:\Zoe-Ding\NEU\CS_6200_Information_Retrieval\04_homework\hw1\indexingProject_zoe\webapps\ROOT]的部署已在[41]毫秒内完成
07-Oct-2020 22:36:24.948 信息 [main] org.apache.coyote.AbstractProtocol.start 开始协议处理句柄["http-nio-8080"]
07-Oct-2020 22:36:24.966 信息 [main] org.apache.catalina.startup.Catalina.start Server startup in 1291 ms
07-Oct-2020 22:37:17.070 信息 [main] org.apache.catalina.startup.VersionLoggerListener.log Server.服务器版本: Apache Tomcat/8.5.58
07-Oct-2020 22:37:17.076 信息 [main] org.apache.catalina.startup.VersionLoggerListener.log 服务器构建:        Sep 10 2020 21:45:33 UTC
07-Oct-2020 22:37:17.076 信息 [main] org.apache.catalina.startup.VersionLoggerListener.log 服务器版本号(:     8.5.58.0
07-Oct-2020 22:37:17.077 信息 [main] org.apache.catalina.startup.VersionLoggerListener.log 操作系统名称:      Windows 10
07-Oct-2020 22:37:17.077 信息 [main] org.apache.catalina.startup.VersionLoggerListener.log OS.版本:           10.0
07-Oct-2020 22:37:17.077 信息 [main] org.apache.catalina.startup.VersionLoggerListener.log 架构:              amd64
07-Oct-2020 22:37:17.078 信息 [main] org.apache.catalina.startup.VersionLoggerListener.log Java 环境变量:     C:\Program Files\Java\jdk-13.0.1
07-Oct-2020 22:37:17.078 信息 [main] org.apache.catalina.startup.VersionLoggerListener.log Java虚拟机版本:    13.0.1+9
07-Oct-2020 22:37:17.078 信息 [main] org.apache.catalina.startup.VersionLoggerListener.log JVM.供应商:        Oracle Corporation
07-Oct-2020 22:37:17.078 信息 [main] org.apache.catalina.startup.VersionLoggerListener.log CATALINA_BASE:     D:\Zoe-Ding\NEU\CS_6200_Information_Retrieval\04_homework\hw1\indexingProject_zoe
07-Oct-2020 22:37:17.079 信息 [main] org.apache.catalina.startup.VersionLoggerListener.log CATALINA_HOME:     D:\Zoe-Ding\NEU\CS_6200_Information_Retrieval\04_homework\hw1\indexingProject_zoe
07-Oct-2020 22:37:17.079 信息 [main] org.apache.catalina.startup.VersionLoggerListener.log 命令行参数：--add-opens=java.base/java.lang=ALL-UNNAMED
07-Oct-2020 22:37:17.079 信息 [main] org.apache.catalina.startup.VersionLoggerListener.log 命令行参数：--add-opens=java.base/java.io=ALL-UNNAMED
07-Oct-2020 22:37:17.079 信息 [main] org.apache.catalina.startup.VersionLoggerListener.log 命令行参数：--add-opens=java.rmi/sun.rmi.transport=ALL-UNNAMED
07-Oct-2020 22:37:17.079 信息 [main] org.apache.catalina.startup.VersionLoggerListener.log 命令行参数：-Djava.util.logging.config.file=D:\Zoe-Ding\NEU\CS_6200_Information_Retrieval\04_homework\hw1\indexingProject_zoe\conf\logging.properties
07-Oct-2020 22:37:17.080 信息 [main] org.apache.catalina.startup.VersionLoggerListener.log 命令行参数：-Djava.util.logging.manager=org.apache.juli.ClassLoaderLogManager
07-Oct-2020 22:37:17.080 信息 [main] org.apache.catalina.startup.VersionLoggerListener.log 命令行参数：-Djdk.tls.ephemeralDHKeySize=2048
07-Oct-2020 22:37:17.081 信息 [main] org.apache.catalina.startup.VersionLoggerListener.log 命令行参数：-Djava.protocol.handler.pkgs=org.apache.catalina.webresources
07-Oct-2020 22:37:17.081 信息 [main] org.apache.catalina.startup.VersionLoggerListener.log 命令行参数：-Dignore.endorsed.dirs=
07-Oct-2020 22:37:17.082 信息 [main] org.apache.catalina.startup.VersionLoggerListener.log 命令行参数：-Dcatalina.base=D:\Zoe-Ding\NEU\CS_6200_Information_Retrieval\04_homework\hw1\indexingProject_zoe
07-Oct-2020 22:37:17.083 信息 [main] org.apache.catalina.startup.VersionLoggerListener.log 命令行参数：-Dcatalina.home=D:\Zoe-Ding\NEU\CS_6200_Information_Retrieval\04_homework\hw1\indexingProject_zoe
07-Oct-2020 22:37:17.083 信息 [main] org.apache.catalina.startup.VersionLoggerListener.log 命令行参数：-Djava.io.tmpdir=D:\Zoe-Ding\NEU\CS_6200_Information_Retrieval\04_homework\hw1\indexingProject_zoe\temp
07-Oct-2020 22:37:17.084 信息 [main] org.apache.catalina.core.AprLifecycleListener.lifecycleEvent 在java.library.path:[C:\Program Files\Java\jdk-13.0.1\bin;C:\WINDOWS\Sun\Java\bin;C:\WINDOWS\system32;C:\WINDOWS;C:\Python38\Scripts\;C:\Python38\;C:\app\Zoe_Ding\product\11.2.0\client_1;D:\installed_software\NetSarang\Xshell 6\;D:\installed_software\Python37\Scripts\;D:\installed_software\Python37\;C:\Program Files (x86)\Intel\Intel(R) Management Engine Components\iCLS\;C:\Program Files\Intel\Intel(R) Management Engine Components\iCLS\;C:\Windows\system32;C:\Windows;C:\Windows\System32\Wbem;C:\Windows\System32\WindowsPowerShell\v1.0\;C:\Windows\System32\OpenSSH\;C:\Program Files (x86)\Intel\Intel(R) Management Engine Components\DAL;C:\Program Files\Intel\Intel(R) Management Engine Components\DAL;C:\Program Files (x86)\Intel\Intel(R) Management Engine Components\IPT;C:\Program Files\Intel\Intel(R) Management Engine Components\IPT;C:\Program Files (x86)\NVIDIA Corporation\PhysX\Common;D:\installed_software\TortoiseSVN\bin;C:\Program Files\Java\jdk-13.0.1\bin;C:\WINDOWS\system32;C:\WINDOWS;C:\WINDOWS\System32\Wbem;C:\WINDOWS\System32\WindowsPowerShell\v1.0\;C:\WINDOWS\System32\OpenSSH\;D:\Zoe-Ding\CS\flutter\bin;C:\Program Files (x86)\CodeBlocks\MinGW\bin;C:\ProgramData\chocolatey\bin;C:\tools\dart-sdk\bin;C:\Program Files\Git\cmd;C:\Program Files\nodejs\;C:\Program Files\Microsoft SQL Server\120\Tools\Binn\;C:\Users\Zoe Ding\AppData\Local\Android\Sdk\platform-tools;C:\cygwin64;C:\Users\Zoe Ding\AppData\Local\Microsoft\WindowsApps;D:\Zoe-Ding\CS\flutter\bin;C:\tools\dart-sdk\bin;C:\Users\Zoe Ding\AppData\Roaming\Pub\Cache\bin;C:\Users\Zoe Ding\AppData\Roaming\npm;C:\Users\Zoe Ding\CLion 2020.2.1\bin;;.]上找不到基于APR的Apache Tomcat本机库，该库允许在生产环境中获得最佳性能
07-Oct-2020 22:37:17.142 信息 [main] org.apache.coyote.AbstractProtocol.init 初始化协议处理器 ["http-nio-8080"]
07-Oct-2020 22:37:17.880 信息 [main] org.apache.tomcat.util.net.NioSelectorPool.getSharedSelector Using a shared selector for servlet write/read
07-Oct-2020 22:37:17.891 信息 [main] org.apache.catalina.startup.Catalina.load Initialization processed in 1340 ms
07-Oct-2020 22:37:17.939 信息 [main] org.apache.catalina.core.StandardService.startInternal 正在启动服务[Catalina]
07-Oct-2020 22:37:17.939 信息 [main] org.apache.catalina.core.StandardEngine.startInternal Starting Servlet Engine: Apache Tomcat/8.5.58
07-Oct-2020 22:37:18.671 警告 [localhost-startStop-1] org.apache.catalina.util.SessionIdGeneratorBase.createSecureRandom 使用[SHA1PRNG]创建会话ID生成的SecureRandom实例花费了[366]毫秒。
07-Oct-2020 22:37:18.689 信息 [localhost-startStop-1] org.apache.catalina.startup.HostConfig.deployDirectory 把web 应用程序部署到目录 [D:\Zoe-Ding\NEU\CS_6200_Information_Retrieval\04_homework\hw1\indexingProject_zoe\webapps\docs]
07-Oct-2020 22:37:18.718 信息 [localhost-startStop-1] org.apache.catalina.startup.HostConfig.deployDirectory Web应用程序目录[D:\Zoe-Ding\NEU\CS_6200_Information_Retrieval\04_homework\hw1\indexingProject_zoe\webapps\docs]的部署已在[29]毫秒内完成
07-Oct-2020 22:37:18.718 信息 [localhost-startStop-1] org.apache.catalina.startup.HostConfig.deployDirectory 把web 应用程序部署到目录 [D:\Zoe-Ding\NEU\CS_6200_Information_Retrieval\04_homework\hw1\indexingProject_zoe\webapps\examples]
07-Oct-2020 22:37:19.147 信息 [localhost-startStop-1] org.apache.catalina.startup.HostConfig.deployDirectory Web应用程序目录[D:\Zoe-Ding\NEU\CS_6200_Information_Retrieval\04_homework\hw1\indexingProject_zoe\webapps\examples]的部署已在[429]毫秒内完成
07-Oct-2020 22:37:19.148 信息 [localhost-startStop-1] org.apache.catalina.startup.HostConfig.deployDirectory 把web 应用程序部署到目录 [D:\Zoe-Ding\NEU\CS_6200_Information_Retrieval\04_homework\hw1\indexingProject_zoe\webapps\host-manager]
07-Oct-2020 22:37:19.192 信息 [localhost-startStop-1] org.apache.catalina.startup.HostConfig.deployDirectory Web应用程序目录[D:\Zoe-Ding\NEU\CS_6200_Information_Retrieval\04_homework\hw1\indexingProject_zoe\webapps\host-manager]的部署已在[44]毫秒内完成
07-Oct-2020 22:37:19.192 信息 [localhost-startStop-1] org.apache.catalina.startup.HostConfig.deployDirectory 把web 应用程序部署到目录 [D:\Zoe-Ding\NEU\CS_6200_Information_Retrieval\04_homework\hw1\indexingProject_zoe\webapps\manager]
07-Oct-2020 22:37:19.228 信息 [localhost-startStop-1] org.apache.catalina.startup.HostConfig.deployDirectory Web应用程序目录[D:\Zoe-Ding\NEU\CS_6200_Information_Retrieval\04_homework\hw1\indexingProject_zoe\webapps\manager]的部署已在[35]毫秒内完成
07-Oct-2020 22:37:19.228 信息 [localhost-startStop-1] org.apache.catalina.startup.HostConfig.deployDirectory 把web 应用程序部署到目录 [D:\Zoe-Ding\NEU\CS_6200_Information_Retrieval\04_homework\hw1\indexingProject_zoe\webapps\ROOT]
07-Oct-2020 22:37:19.258 信息 [localhost-startStop-1] org.apache.catalina.startup.HostConfig.deployDirectory Web应用程序目录[D:\Zoe-Ding\NEU\CS_6200_Information_Retrieval\04_homework\hw1\indexingProject_zoe\webapps\ROOT]的部署已在[30]毫秒内完成
07-Oct-2020 22:37:19.264 信息 [main] org.apache.coyote.AbstractProtocol.start 开始协议处理句柄["http-nio-8080"]
07-Oct-2020 22:37:19.274 信息 [main] org.apache.catalina.startup.Catalina.start Server startup in 1382 ms
07-Oct-2020 22:37:44.732 信息 [main] org.apache.catalina.startup.VersionLoggerListener.log Server.服务器版本: Apache Tomcat/8.5.58
07-Oct-2020 22:37:44.738 信息 [main] org.apache.catalina.startup.VersionLoggerListener.log 服务器构建:        Sep 10 2020 21:45:33 UTC
07-Oct-2020 22:37:44.739 信息 [main] org.apache.catalina.startup.VersionLoggerListener.log 服务器版本号(:     8.5.58.0
07-Oct-2020 22:37:44.739 信息 [main] org.apache.catalina.startup.VersionLoggerListener.log 操作系统名称:      Windows 10
07-Oct-2020 22:37:44.740 信息 [main] org.apache.catalina.startup.VersionLoggerListener.log OS.版本:           10.0
07-Oct-2020 22:37:44.740 信息 [main] org.apache.catalina.startup.VersionLoggerListener.log 架构:              amd64
07-Oct-2020 22:37:44.740 信息 [main] org.apache.catalina.startup.VersionLoggerListener.log Java 环境变量:     C:\Program Files\Java\jdk-13.0.1
07-Oct-2020 22:37:44.740 信息 [main] org.apache.catalina.startup.VersionLoggerListener.log Java虚拟机版本:    13.0.1+9
07-Oct-2020 22:37:44.741 信息 [main] org.apache.catalina.startup.VersionLoggerListener.log JVM.供应商:        Oracle Corporation
07-Oct-2020 22:37:44.741 信息 [main] org.apache.catalina.startup.VersionLoggerListener.log CATALINA_BASE:     D:\Zoe-Ding\NEU\CS_6200_Information_Retrieval\04_homework\hw1\indexingProject_zoe
07-Oct-2020 22:37:44.741 信息 [main] org.apache.catalina.startup.VersionLoggerListener.log CATALINA_HOME:     D:\Zoe-Ding\NEU\CS_6200_Information_Retrieval\04_homework\hw1\indexingProject_zoe
07-Oct-2020 22:37:44.742 信息 [main] org.apache.catalina.startup.VersionLoggerListener.log 命令行参数：--add-opens=java.base/java.lang=ALL-UNNAMED
07-Oct-2020 22:37:44.742 信息 [main] org.apache.catalina.startup.VersionLoggerListener.log 命令行参数：--add-opens=java.base/java.io=ALL-UNNAMED
07-Oct-2020 22:37:44.743 信息 [main] org.apache.catalina.startup.VersionLoggerListener.log 命令行参数：--add-opens=java.rmi/sun.rmi.transport=ALL-UNNAMED
07-Oct-2020 22:37:44.743 信息 [main] org.apache.catalina.startup.VersionLoggerListener.log 命令行参数：-Djava.util.logging.config.file=D:\Zoe-Ding\NEU\CS_6200_Information_Retrieval\04_homework\hw1\indexingProject_zoe\conf\logging.properties
07-Oct-2020 22:37:44.743 信息 [main] org.apache.catalina.startup.VersionLoggerListener.log 命令行参数：-Djava.util.logging.manager=org.apache.juli.ClassLoaderLogManager
07-Oct-2020 22:37:44.744 信息 [main] org.apache.catalina.startup.VersionLoggerListener.log 命令行参数：-Djdk.tls.ephemeralDHKeySize=2048
07-Oct-2020 22:37:44.745 信息 [main] org.apache.catalina.startup.VersionLoggerListener.log 命令行参数：-Djava.protocol.handler.pkgs=org.apache.catalina.webresources
07-Oct-2020 22:37:44.745 信息 [main] org.apache.catalina.startup.VersionLoggerListener.log 命令行参数：-Dignore.endorsed.dirs=
07-Oct-2020 22:37:44.746 信息 [main] org.apache.catalina.startup.VersionLoggerListener.log 命令行参数：-Dcatalina.base=D:\Zoe-Ding\NEU\CS_6200_Information_Retrieval\04_homework\hw1\indexingProject_zoe
07-Oct-2020 22:37:44.747 信息 [main] org.apache.catalina.startup.VersionLoggerListener.log 命令行参数：-Dcatalina.home=D:\Zoe-Ding\NEU\CS_6200_Information_Retrieval\04_homework\hw1\indexingProject_zoe
07-Oct-2020 22:37:44.750 信息 [main] org.apache.catalina.startup.VersionLoggerListener.log 命令行参数：-Djava.io.tmpdir=D:\Zoe-Ding\NEU\CS_6200_Information_Retrieval\04_homework\hw1\indexingProject_zoe\temp
07-Oct-2020 22:37:44.752 信息 [main] org.apache.catalina.core.AprLifecycleListener.lifecycleEvent 在java.library.path:[C:\Program Files\Java\jdk-13.0.1\bin;C:\WINDOWS\Sun\Java\bin;C:\WINDOWS\system32;C:\WINDOWS;C:\Python38\Scripts\;C:\Python38\;C:\app\Zoe_Ding\product\11.2.0\client_1;D:\installed_software\NetSarang\Xshell 6\;D:\installed_software\Python37\Scripts\;D:\installed_software\Python37\;C:\Program Files (x86)\Intel\Intel(R) Management Engine Components\iCLS\;C:\Program Files\Intel\Intel(R) Management Engine Components\iCLS\;C:\Windows\system32;C:\Windows;C:\Windows\System32\Wbem;C:\Windows\System32\WindowsPowerShell\v1.0\;C:\Windows\System32\OpenSSH\;C:\Program Files (x86)\Intel\Intel(R) Management Engine Components\DAL;C:\Program Files\Intel\Intel(R) Management Engine Components\DAL;C:\Program Files (x86)\Intel\Intel(R) Management Engine Components\IPT;C:\Program Files\Intel\Intel(R) Management Engine Components\IPT;C:\Program Files (x86)\NVIDIA Corporation\PhysX\Common;D:\installed_software\TortoiseSVN\bin;C:\Program Files\Java\jdk-13.0.1\bin;C:\WINDOWS\system32;C:\WINDOWS;C:\WINDOWS\System32\Wbem;C:\WINDOWS\System32\WindowsPowerShell\v1.0\;C:\WINDOWS\System32\OpenSSH\;D:\Zoe-Ding\CS\flutter\bin;C:\Program Files (x86)\CodeBlocks\MinGW\bin;C:\ProgramData\chocolatey\bin;C:\tools\dart-sdk\bin;C:\Program Files\Git\cmd;C:\Program Files\nodejs\;C:\Program Files\Microsoft SQL Server\120\Tools\Binn\;C:\Users\Zoe Ding\AppData\Local\Android\Sdk\platform-tools;C:\cygwin64;C:\Users\Zoe Ding\AppData\Local\Microsoft\WindowsApps;D:\Zoe-Ding\CS\flutter\bin;C:\tools\dart-sdk\bin;C:\Users\Zoe Ding\AppData\Roaming\Pub\Cache\bin;C:\Users\Zoe Ding\AppData\Roaming\npm;C:\Users\Zoe Ding\CLion 2020.2.1\bin;;.]上找不到基于APR的Apache Tomcat本机库，该库允许在生产环境中获得最佳性能
07-Oct-2020 22:37:44.800 信息 [main] org.apache.coyote.AbstractProtocol.init 初始化协议处理器 ["http-nio-8080"]
07-Oct-2020 22:37:45.563 信息 [main] org.apache.tomcat.util.net.NioSelectorPool.getSharedSelector Using a shared selector for servlet write/read
07-Oct-2020 22:37:45.584 信息 [main] org.apache.catalina.startup.Catalina.load Initialization processed in 1364 ms
07-Oct-2020 22:37:45.659 信息 [main] org.apache.catalina.core.StandardService.startInternal 正在启动服务[Catalina]
07-Oct-2020 22:37:45.660 信息 [main] org.apache.catalina.core.StandardEngine.startInternal Starting Servlet Engine: Apache Tomcat/8.5.58
07-Oct-2020 22:37:46.360 警告 [localhost-startStop-1] org.apache.catalina.util.SessionIdGeneratorBase.createSecureRandom 使用[SHA1PRNG]创建会话ID生成的SecureRandom实例花费了[344]毫秒。
07-Oct-2020 22:37:46.379 信息 [localhost-startStop-1] org.apache.catalina.startup.HostConfig.deployDirectory 把web 应用程序部署到目录 [D:\Zoe-Ding\NEU\CS_6200_Information_Retrieval\04_homework\hw1\indexingProject_zoe\webapps\docs]
07-Oct-2020 22:37:46.406 信息 [localhost-startStop-1] org.apache.catalina.startup.HostConfig.deployDirectory Web应用程序目录[D:\Zoe-Ding\NEU\CS_6200_Information_Retrieval\04_homework\hw1\indexingProject_zoe\webapps\docs]的部署已在[27]毫秒内完成
07-Oct-2020 22:37:46.406 信息 [localhost-startStop-1] org.apache.catalina.startup.HostConfig.deployDirectory 把web 应用程序部署到目录 [D:\Zoe-Ding\NEU\CS_6200_Information_Retrieval\04_homework\hw1\indexingProject_zoe\webapps\examples]
07-Oct-2020 22:37:46.845 信息 [localhost-startStop-1] org.apache.catalina.startup.HostConfig.deployDirectory Web应用程序目录[D:\Zoe-Ding\NEU\CS_6200_Information_Retrieval\04_homework\hw1\indexingProject_zoe\webapps\examples]的部署已在[439]毫秒内完成
07-Oct-2020 22:37:46.845 信息 [localhost-startStop-1] org.apache.catalina.startup.HostConfig.deployDirectory 把web 应用程序部署到目录 [D:\Zoe-Ding\NEU\CS_6200_Information_Retrieval\04_homework\hw1\indexingProject_zoe\webapps\host-manager]
07-Oct-2020 22:37:46.901 信息 [localhost-startStop-1] org.apache.catalina.startup.HostConfig.deployDirectory Web应用程序目录[D:\Zoe-Ding\NEU\CS_6200_Information_Retrieval\04_homework\hw1\indexingProject_zoe\webapps\host-manager]的部署已在[55]毫秒内完成
07-Oct-2020 22:37:46.901 信息 [localhost-startStop-1] org.apache.catalina.startup.HostConfig.deployDirectory 把web 应用程序部署到目录 [D:\Zoe-Ding\NEU\CS_6200_Information_Retrieval\04_homework\hw1\indexingProject_zoe\webapps\manager]
07-Oct-2020 22:37:46.948 信息 [localhost-startStop-1] org.apache.catalina.startup.HostConfig.deployDirectory Web应用程序目录[D:\Zoe-Ding\NEU\CS_6200_Information_Retrieval\04_homework\hw1\indexingProject_zoe\webapps\manager]的部署已在[47]毫秒内完成
07-Oct-2020 22:37:46.949 信息 [localhost-startStop-1] org.apache.catalina.startup.HostConfig.deployDirectory 把web 应用程序部署到目录 [D:\Zoe-Ding\NEU\CS_6200_Information_Retrieval\04_homework\hw1\indexingProject_zoe\webapps\ROOT]
07-Oct-2020 22:37:46.998 信息 [localhost-startStop-1] org.apache.catalina.startup.HostConfig.deployDirectory Web应用程序目录[D:\Zoe-Ding\NEU\CS_6200_Information_Retrieval\04_homework\hw1\indexingProject_zoe\webapps\ROOT]的部署已在[49]毫秒内完成
07-Oct-2020 22:37:47.003 信息 [main] org.apache.coyote.AbstractProtocol.start 开始协议处理句柄["http-nio-8080"]
07-Oct-2020 22:37:47.015 信息 [main] org.apache.catalina.startup.Catalina.start Server startup in 1431 ms
07-Oct-2020 23:03:06.232 信息 [main] org.apache.catalina.startup.VersionLoggerListener.log Server.服务器版本: Apache Tomcat/8.5.58
07-Oct-2020 23:03:06.238 信息 [main] org.apache.catalina.startup.VersionLoggerListener.log 服务器构建:        Sep 10 2020 21:45:33 UTC
07-Oct-2020 23:03:06.240 信息 [main] org.apache.catalina.startup.VersionLoggerListener.log 服务器版本号(:     8.5.58.0
07-Oct-2020 23:03:06.240 信息 [main] org.apache.catalina.startup.VersionLoggerListener.log 操作系统名称:      Windows 10
07-Oct-2020 23:03:06.241 信息 [main] org.apache.catalina.startup.VersionLoggerListener.log OS.版本:           10.0
07-Oct-2020 23:03:06.241 信息 [main] org.apache.catalina.startup.VersionLoggerListener.log 架构:              amd64
07-Oct-2020 23:03:06.241 信息 [main] org.apache.catalina.startup.VersionLoggerListener.log Java 环境变量:     C:\Program Files\Java\jdk-13.0.1
07-Oct-2020 23:03:06.242 信息 [main] org.apache.catalina.startup.VersionLoggerListener.log Java虚拟机版本:    13.0.1+9
07-Oct-2020 23:03:06.242 信息 [main] org.apache.catalina.startup.VersionLoggerListener.log JVM.供应商:        Oracle Corporation
07-Oct-2020 23:03:06.242 信息 [main] org.apache.catalina.startup.VersionLoggerListener.log CATALINA_BASE:     D:\Zoe-Ding\NEU\CS_6200_Information_Retrieval\04_homework\hw1\indexingProject_zoe
07-Oct-2020 23:03:06.243 信息 [main] org.apache.catalina.startup.VersionLoggerListener.log CATALINA_HOME:     D:\Zoe-Ding\NEU\CS_6200_Information_Retrieval\04_homework\hw1\indexingProject_zoe
07-Oct-2020 23:03:06.243 信息 [main] org.apache.catalina.startup.VersionLoggerListener.log 命令行参数：--add-opens=java.base/java.lang=ALL-UNNAMED
07-Oct-2020 23:03:06.244 信息 [main] org.apache.catalina.startup.VersionLoggerListener.log 命令行参数：--add-opens=java.base/java.io=ALL-UNNAMED
07-Oct-2020 23:03:06.244 信息 [main] org.apache.catalina.startup.VersionLoggerListener.log 命令行参数：--add-opens=java.rmi/sun.rmi.transport=ALL-UNNAMED
07-Oct-2020 23:03:06.244 信息 [main] org.apache.catalina.startup.VersionLoggerListener.log 命令行参数：-Djava.util.logging.config.file=D:\Zoe-Ding\NEU\CS_6200_Information_Retrieval\04_homework\hw1\indexingProject_zoe\conf\logging.properties
07-Oct-2020 23:03:06.245 信息 [main] org.apache.catalina.startup.VersionLoggerListener.log 命令行参数：-Djava.util.logging.manager=org.apache.juli.ClassLoaderLogManager
07-Oct-2020 23:03:06.247 信息 [main] org.apache.catalina.startup.VersionLoggerListener.log 命令行参数：-Djdk.tls.ephemeralDHKeySize=2048
07-Oct-2020 23:03:06.247 信息 [main] org.apache.catalina.startup.VersionLoggerListener.log 命令行参数：-Djava.protocol.handler.pkgs=org.apache.catalina.webresources
07-Oct-2020 23:03:06.248 信息 [main] org.apache.catalina.startup.VersionLoggerListener.log 命令行参数：-Dignore.endorsed.dirs=
07-Oct-2020 23:03:06.248 信息 [main] org.apache.catalina.startup.VersionLoggerListener.log 命令行参数：-Dcatalina.base=D:\Zoe-Ding\NEU\CS_6200_Information_Retrieval\04_homework\hw1\indexingProject_zoe
07-Oct-2020 23:03:06.249 信息 [main] org.apache.catalina.startup.VersionLoggerListener.log 命令行参数：-Dcatalina.home=D:\Zoe-Ding\NEU\CS_6200_Information_Retrieval\04_homework\hw1\indexingProject_zoe
07-Oct-2020 23:03:06.257 信息 [main] org.apache.catalina.startup.VersionLoggerListener.log 命令行参数：-Djava.io.tmpdir=D:\Zoe-Ding\NEU\CS_6200_Information_Retrieval\04_homework\hw1\indexingProject_zoe\temp
07-Oct-2020 23:03:06.258 信息 [main] org.apache.catalina.core.AprLifecycleListener.lifecycleEvent 在java.library.path:[C:\Program Files\Java\jdk-13.0.1\bin;C:\WINDOWS\Sun\Java\bin;C:\WINDOWS\system32;C:\WINDOWS;C:\Python38\Scripts\;C:\Python38\;C:\app\Zoe_Ding\product\11.2.0\client_1;D:\installed_software\NetSarang\Xshell 6\;D:\installed_software\Python37\Scripts\;D:\installed_software\Python37\;C:\Program Files (x86)\Intel\Intel(R) Management Engine Components\iCLS\;C:\Program Files\Intel\Intel(R) Management Engine Components\iCLS\;C:\Windows\system32;C:\Windows;C:\Windows\System32\Wbem;C:\Windows\System32\WindowsPowerShell\v1.0\;C:\Windows\System32\OpenSSH\;C:\Program Files (x86)\Intel\Intel(R) Management Engine Components\DAL;C:\Program Files\Intel\Intel(R) Management Engine Components\DAL;C:\Program Files (x86)\Intel\Intel(R) Management Engine Components\IPT;C:\Program Files\Intel\Intel(R) Management Engine Components\IPT;C:\Program Files (x86)\NVIDIA Corporation\PhysX\Common;D:\installed_software\TortoiseSVN\bin;C:\Program Files\Java\jdk-13.0.1\bin;C:\WINDOWS\system32;C:\WINDOWS;C:\WINDOWS\System32\Wbem;C:\WINDOWS\System32\WindowsPowerShell\v1.0\;C:\WINDOWS\System32\OpenSSH\;D:\Zoe-Ding\CS\flutter\bin;C:\Program Files (x86)\CodeBlocks\MinGW\bin;C:\ProgramData\chocolatey\bin;C:\tools\dart-sdk\bin;C:\Program Files\Git\cmd;C:\Program Files\nodejs\;C:\Program Files\Microsoft SQL Server\120\Tools\Binn\;C:\Users\Zoe Ding\AppData\Local\Android\Sdk\platform-tools;C:\cygwin64;C:\Users\Zoe Ding\AppData\Local\Microsoft\WindowsApps;D:\Zoe-Ding\CS\flutter\bin;C:\tools\dart-sdk\bin;C:\Users\Zoe Ding\AppData\Roaming\Pub\Cache\bin;C:\Users\Zoe Ding\AppData\Roaming\npm;C:\Users\Zoe Ding\CLion 2020.2.1\bin;;.]上找不到基于APR的Apache Tomcat本机库，该库允许在生产环境中获得最佳性能
07-Oct-2020 23:03:06.305 信息 [main] org.apache.coyote.AbstractProtocol.init 初始化协议处理器 ["http-nio-8080"]
07-Oct-2020 23:03:06.997 信息 [main] org.apache.tomcat.util.net.NioSelectorPool.getSharedSelector Using a shared selector for servlet write/read
07-Oct-2020 23:03:07.008 信息 [main] org.apache.catalina.startup.Catalina.load Initialization processed in 1313 ms
07-Oct-2020 23:03:07.048 信息 [main] org.apache.catalina.core.StandardService.startInternal 正在启动服务[Catalina]
07-Oct-2020 23:03:07.049 信息 [main] org.apache.catalina.core.StandardEngine.startInternal Starting Servlet Engine: Apache Tomcat/8.5.58
07-Oct-2020 23:03:07.661 警告 [localhost-startStop-1] org.apache.catalina.util.SessionIdGeneratorBase.createSecureRandom 使用[SHA1PRNG]创建会话ID生成的SecureRandom实例花费了[323]毫秒。
07-Oct-2020 23:03:07.682 信息 [localhost-startStop-1] org.apache.catalina.startup.HostConfig.deployDirectory 把web 应用程序部署到目录 [D:\Zoe-Ding\NEU\CS_6200_Information_Retrieval\04_homework\hw1\indexingProject_zoe\webapps\docs]
07-Oct-2020 23:03:07.712 信息 [localhost-startStop-1] org.apache.catalina.startup.HostConfig.deployDirectory Web应用程序目录[D:\Zoe-Ding\NEU\CS_6200_Information_Retrieval\04_homework\hw1\indexingProject_zoe\webapps\docs]的部署已在[30]毫秒内完成
07-Oct-2020 23:03:07.713 信息 [localhost-startStop-1] org.apache.catalina.startup.HostConfig.deployDirectory 把web 应用程序部署到目录 [D:\Zoe-Ding\NEU\CS_6200_Information_Retrieval\04_homework\hw1\indexingProject_zoe\webapps\examples]
07-Oct-2020 23:03:08.160 信息 [localhost-startStop-1] org.apache.catalina.startup.HostConfig.deployDirectory Web应用程序目录[D:\Zoe-Ding\NEU\CS_6200_Information_Retrieval\04_homework\hw1\indexingProject_zoe\webapps\examples]的部署已在[447]毫秒内完成
07-Oct-2020 23:03:08.161 信息 [localhost-startStop-1] org.apache.catalina.startup.HostConfig.deployDirectory 把web 应用程序部署到目录 [D:\Zoe-Ding\NEU\CS_6200_Information_Retrieval\04_homework\hw1\indexingProject_zoe\webapps\host-manager]
07-Oct-2020 23:03:08.197 信息 [localhost-startStop-1] org.apache.catalina.startup.HostConfig.deployDirectory Web应用程序目录[D:\Zoe-Ding\NEU\CS_6200_Information_Retrieval\04_homework\hw1\indexingProject_zoe\webapps\host-manager]的部署已在[36]毫秒内完成
07-Oct-2020 23:03:08.198 信息 [localhost-startStop-1] org.apache.catalina.startup.HostConfig.deployDirectory 把web 应用程序部署到目录 [D:\Zoe-Ding\NEU\CS_6200_Information_Retrieval\04_homework\hw1\indexingProject_zoe\webapps\manager]
07-Oct-2020 23:03:08.235 信息 [localhost-startStop-1] org.apache.catalina.startup.HostConfig.deployDirectory Web应用程序目录[D:\Zoe-Ding\NEU\CS_6200_Information_Retrieval\04_homework\hw1\indexingProject_zoe\webapps\manager]的部署已在[37]毫秒内完成
07-Oct-2020 23:03:08.236 信息 [localhost-startStop-1] org.apache.catalina.startup.HostConfig.deployDirectory 把web 应用程序部署到目录 [D:\Zoe-Ding\NEU\CS_6200_Information_Retrieval\04_homework\hw1\indexingProject_zoe\webapps\ROOT]
07-Oct-2020 23:03:08.270 信息 [localhost-startStop-1] org.apache.catalina.startup.HostConfig.deployDirectory Web应用程序目录[D:\Zoe-Ding\NEU\CS_6200_Information_Retrieval\04_homework\hw1\indexingProject_zoe\webapps\ROOT]的部署已在[34]毫秒内完成
07-Oct-2020 23:03:08.276 信息 [main] org.apache.coyote.AbstractProtocol.start 开始协议处理句柄["http-nio-8080"]
07-Oct-2020 23:03:08.287 信息 [main] org.apache.catalina.startup.Catalina.start Server startup in 1278 ms
07-Oct-2020 23:17:33.853 信息 [Thread-3] org.apache.coyote.AbstractProtocol.pause 暂停ProtocolHandler["http-nio-8080"]
